2019-12-07 17:04:05.199 - INFO  [  restartedMain] o.s.b.StartupInfoLogger        : Starting WebfinalApplication on WFIT6001 with PID 159772 (D:\project\workspace\webfinal\target\classes started by 00047739 in D:\project\workspace\webfinal)
2019-12-07 17:04:05.275 - INFO  [  restartedMain] o.s.b.SpringApplication        : No active profile set, falling back to default profiles: default
2019-12-07 17:04:05.366 - INFO  [  restartedMain] o.s.b.l.DeferredLog            : Devtools property defaults active! Set 'spring.devtools.add-properties' to 'false' to disable
2019-12-07 17:04:05.367 - INFO  [  restartedMain] o.s.b.l.DeferredLog            : For additional web related logging consider setting the 'logging.level.web' property to 'DEBUG'
2019-12-07 17:04:06.754 - INFO  [  restartedMain] epositoryConfigurationDelegate : Bootstrapping Spring Data repositories in DEFAULT mode.
2019-12-07 17:04:06.783 - INFO  [  restartedMain] epositoryConfigurationDelegate : Finished Spring Data repository scanning in 17ms. Found 0 repository interfaces.
2019-12-07 17:04:07.427 - INFO  [  restartedMain] egate$BeanPostProcessorChecker : Bean 'org.springframework.transaction.annotation.ProxyTransactionManagementConfiguration' of type [org.springframework.transaction.annotation.ProxyTransactionManagementConfiguration] is not eligible for getting processed by all BeanPostProcessors (for example: not eligible for auto-proxying)
2019-12-07 17:04:08.972 - INFO  [  restartedMain] o.s.b.w.e.t.TomcatWebServer    : Tomcat initialized with port(s): 8080 (http)
2019-12-07 17:04:08.989 - INFO  [  restartedMain] o.a.j.l.DirectJDKLog           : Initializing ProtocolHandler ["http-nio-8080"]
2019-12-07 17:04:08.990 - INFO  [  restartedMain] o.a.j.l.DirectJDKLog           : Starting service [Tomcat]
2019-12-07 17:04:08.992 - INFO  [  restartedMain] o.a.j.l.DirectJDKLog           : Starting Servlet engine: [Apache Tomcat/9.0.27]
2019-12-07 17:04:09.223 - INFO  [  restartedMain] o.a.j.l.DirectJDKLog           : Initializing Spring embedded WebApplicationContext
2019-12-07 17:04:09.224 - INFO  [  restartedMain] letWebServerApplicationContext : Root WebApplicationContext: initialization completed in 3856 ms
2019-12-07 17:04:09.442 - INFO  [  restartedMain] a.DruidDataSourceAutoConfigure : Init DruidDataSource
2019-12-07 17:04:09.920 - INFO  [  restartedMain] c.a.d.p.DruidDataSource        : {dataSource-1} inited
2019-12-07 17:04:10.929 - INFO  [  restartedMain] c.ExecutorConfigurationSupport : Initializing ExecutorService 'applicationTaskExecutor'
2019-12-07 17:04:11.139 - INFO  [  restartedMain] .w.s.WelcomePageHandlerMapping : Adding welcome page template: index
2019-12-07 17:04:11.297 - WARN  [  restartedMain] o.t.t.TemplateMode             : [THYMELEAF][restartedMain] Template Mode 'HTML5' is deprecated. Using Template Mode 'HTML' instead.
2019-12-07 17:04:11.552 - INFO  [  restartedMain] b.d.a.OptionalLiveReloadServer : LiveReload server is running on port 35729
2019-12-07 17:04:11.619 - INFO  [  restartedMain] o.a.j.l.DirectJDKLog           : Starting ProtocolHandler ["http-nio-8080"]
2019-12-07 17:04:11.662 - INFO  [  restartedMain] o.a.j.l.DirectJDKLog           : Pausing ProtocolHandler ["http-nio-8080"]
2019-12-07 17:04:11.663 - INFO  [  restartedMain] o.a.j.l.DirectJDKLog           : Stopping service [Tomcat]
2019-12-07 17:04:11.673 - INFO  [  restartedMain] o.a.j.l.DirectJDKLog           : Stopping ProtocolHandler ["http-nio-8080"]
2019-12-07 17:04:11.674 - INFO  [  restartedMain] o.a.j.l.DirectJDKLog           : Destroying ProtocolHandler ["http-nio-8080"]
2019-12-07 17:04:11.680 - INFO  [  restartedMain] valuationReportLoggingListener : 

Error starting ApplicationContext. To display the conditions report re-run your application with 'debug' enabled.
2019-12-07 17:04:11.705 - INFO  [  restartedMain] c.ExecutorConfigurationSupport : Shutting down ExecutorService 'applicationTaskExecutor'
2019-12-07 17:04:11.708 - INFO  [  restartedMain] c.a.d.p.DruidDataSource        : {dataSource-1} closed
2019-12-07 17:04:38.335 - INFO  [  restartedMain] o.s.b.StartupInfoLogger        : Starting WebfinalApplication on WFIT6001 with PID 158932 (D:\project\workspace\webfinal\target\classes started by 00047739 in D:\project\workspace\webfinal)
2019-12-07 17:04:38.354 - INFO  [  restartedMain] o.s.b.SpringApplication        : No active profile set, falling back to default profiles: default
2019-12-07 17:04:38.438 - INFO  [  restartedMain] o.s.b.l.DeferredLog            : Devtools property defaults active! Set 'spring.devtools.add-properties' to 'false' to disable
2019-12-07 17:04:38.439 - INFO  [  restartedMain] o.s.b.l.DeferredLog            : For additional web related logging consider setting the 'logging.level.web' property to 'DEBUG'
2019-12-07 17:04:40.278 - INFO  [  restartedMain] epositoryConfigurationDelegate : Bootstrapping Spring Data repositories in DEFAULT mode.
2019-12-07 17:04:40.303 - INFO  [  restartedMain] epositoryConfigurationDelegate : Finished Spring Data repository scanning in 17ms. Found 0 repository interfaces.
2019-12-07 17:04:40.832 - INFO  [  restartedMain] egate$BeanPostProcessorChecker : Bean 'org.springframework.transaction.annotation.ProxyTransactionManagementConfiguration' of type [org.springframework.transaction.annotation.ProxyTransactionManagementConfiguration] is not eligible for getting processed by all BeanPostProcessors (for example: not eligible for auto-proxying)
2019-12-07 17:04:41.362 - INFO  [  restartedMain] o.s.b.w.e.t.TomcatWebServer    : Tomcat initialized with port(s): 8080 (http)
2019-12-07 17:04:41.377 - INFO  [  restartedMain] o.a.j.l.DirectJDKLog           : Initializing ProtocolHandler ["http-nio-8080"]
2019-12-07 17:04:41.379 - INFO  [  restartedMain] o.a.j.l.DirectJDKLog           : Starting service [Tomcat]
2019-12-07 17:04:41.380 - INFO  [  restartedMain] o.a.j.l.DirectJDKLog           : Starting Servlet engine: [Apache Tomcat/9.0.27]
2019-12-07 17:04:41.630 - INFO  [  restartedMain] o.a.j.l.DirectJDKLog           : Initializing Spring embedded WebApplicationContext
2019-12-07 17:04:41.631 - INFO  [  restartedMain] letWebServerApplicationContext : Root WebApplicationContext: initialization completed in 3192 ms
2019-12-07 17:04:41.800 - INFO  [  restartedMain] a.DruidDataSourceAutoConfigure : Init DruidDataSource
2019-12-07 17:04:42.211 - INFO  [  restartedMain] c.a.d.p.DruidDataSource        : {dataSource-1} inited
2019-12-07 17:04:43.185 - INFO  [  restartedMain] c.ExecutorConfigurationSupport : Initializing ExecutorService 'applicationTaskExecutor'
2019-12-07 17:04:43.374 - INFO  [  restartedMain] .w.s.WelcomePageHandlerMapping : Adding welcome page template: index
2019-12-07 17:04:43.526 - WARN  [  restartedMain] o.t.t.TemplateMode             : [THYMELEAF][restartedMain] Template Mode 'HTML5' is deprecated. Using Template Mode 'HTML' instead.
2019-12-07 17:04:43.783 - INFO  [  restartedMain] b.d.a.OptionalLiveReloadServer : LiveReload server is running on port 35729
2019-12-07 17:04:43.837 - INFO  [  restartedMain] o.a.j.l.DirectJDKLog           : Starting ProtocolHandler ["http-nio-8080"]
2019-12-07 17:04:43.857 - INFO  [  restartedMain] o.a.j.l.DirectJDKLog           : Pausing ProtocolHandler ["http-nio-8080"]
2019-12-07 17:04:43.858 - INFO  [  restartedMain] o.a.j.l.DirectJDKLog           : Stopping service [Tomcat]
2019-12-07 17:04:43.875 - INFO  [  restartedMain] o.a.j.l.DirectJDKLog           : Stopping ProtocolHandler ["http-nio-8080"]
2019-12-07 17:04:43.876 - INFO  [  restartedMain] o.a.j.l.DirectJDKLog           : Destroying ProtocolHandler ["http-nio-8080"]
2019-12-07 17:04:43.882 - INFO  [  restartedMain] valuationReportLoggingListener : 

Error starting ApplicationContext. To display the conditions report re-run your application with 'debug' enabled.
2019-12-07 17:04:43.901 - INFO  [  restartedMain] c.ExecutorConfigurationSupport : Shutting down ExecutorService 'applicationTaskExecutor'
2019-12-07 17:04:43.904 - INFO  [  restartedMain] c.a.d.p.DruidDataSource        : {dataSource-1} closed
2019-12-07 17:09:39.975 - INFO  [  restartedMain] o.s.b.StartupInfoLogger        : Starting WebfinalApplication on WFIT6001 with PID 160124 (D:\project\workspace\webfinal\target\classes started by 00047739 in D:\project\workspace\webfinal)
2019-12-07 17:09:39.993 - INFO  [  restartedMain] o.s.b.SpringApplication        : No active profile set, falling back to default profiles: default
2019-12-07 17:09:40.058 - INFO  [  restartedMain] o.s.b.l.DeferredLog            : Devtools property defaults active! Set 'spring.devtools.add-properties' to 'false' to disable
2019-12-07 17:09:40.059 - INFO  [  restartedMain] o.s.b.l.DeferredLog            : For additional web related logging consider setting the 'logging.level.web' property to 'DEBUG'
2019-12-07 17:09:41.144 - INFO  [  restartedMain] epositoryConfigurationDelegate : Bootstrapping Spring Data repositories in DEFAULT mode.
2019-12-07 17:09:41.170 - INFO  [  restartedMain] epositoryConfigurationDelegate : Finished Spring Data repository scanning in 19ms. Found 0 repository interfaces.
2019-12-07 17:09:41.628 - INFO  [  restartedMain] egate$BeanPostProcessorChecker : Bean 'org.springframework.transaction.annotation.ProxyTransactionManagementConfiguration' of type [org.springframework.transaction.annotation.ProxyTransactionManagementConfiguration] is not eligible for getting processed by all BeanPostProcessors (for example: not eligible for auto-proxying)
2019-12-07 17:09:42.204 - INFO  [  restartedMain] o.s.b.w.e.t.TomcatWebServer    : Tomcat initialized with port(s): 8080 (http)
2019-12-07 17:09:42.221 - INFO  [  restartedMain] o.a.j.l.DirectJDKLog           : Initializing ProtocolHandler ["http-nio-8080"]
2019-12-07 17:09:42.222 - INFO  [  restartedMain] o.a.j.l.DirectJDKLog           : Starting service [Tomcat]
2019-12-07 17:09:42.223 - INFO  [  restartedMain] o.a.j.l.DirectJDKLog           : Starting Servlet engine: [Apache Tomcat/9.0.27]
2019-12-07 17:09:42.466 - INFO  [  restartedMain] o.a.j.l.DirectJDKLog           : Initializing Spring embedded WebApplicationContext
2019-12-07 17:09:42.467 - INFO  [  restartedMain] letWebServerApplicationContext : Root WebApplicationContext: initialization completed in 2407 ms
2019-12-07 17:09:42.664 - INFO  [  restartedMain] a.DruidDataSourceAutoConfigure : Init DruidDataSource
2019-12-07 17:09:43.080 - INFO  [  restartedMain] c.a.d.p.DruidDataSource        : {dataSource-1} inited
2019-12-07 17:09:43.793 - INFO  [  restartedMain] c.ExecutorConfigurationSupport : Initializing ExecutorService 'applicationTaskExecutor'
2019-12-07 17:09:43.913 - INFO  [  restartedMain] .w.s.WelcomePageHandlerMapping : Adding welcome page template: index
2019-12-07 17:09:44.029 - WARN  [  restartedMain] o.t.t.TemplateMode             : [THYMELEAF][restartedMain] Template Mode 'HTML5' is deprecated. Using Template Mode 'HTML' instead.
2019-12-07 17:09:44.254 - INFO  [  restartedMain] b.d.a.OptionalLiveReloadServer : LiveReload server is running on port 35729
2019-12-07 17:09:44.312 - INFO  [  restartedMain] o.a.j.l.DirectJDKLog           : Starting ProtocolHandler ["http-nio-8080"]
2019-12-07 17:09:44.367 - INFO  [  restartedMain] o.s.b.w.e.t.TomcatWebServer    : Tomcat started on port(s): 8080 (http) with context path ''
2019-12-07 17:09:44.372 - INFO  [  restartedMain] o.s.b.StartupInfoLogger        : Started WebfinalApplication in 5.131 seconds (JVM running for 10.35)
2019-12-07 17:10:57.165 - INFO  [nio-8080-exec-1] o.a.j.l.DirectJDKLog           : Initializing Spring DispatcherServlet 'dispatcherServlet'
2019-12-07 17:10:57.166 - INFO  [nio-8080-exec-1] o.s.w.s.FrameworkServlet       : Initializing Servlet 'dispatcherServlet'
2019-12-07 17:10:57.203 - INFO  [nio-8080-exec-1] o.s.w.s.FrameworkServlet       : Completed initialization in 37 ms
2019-12-07 19:44:55.133 - INFO  [      Thread-22] c.ExecutorConfigurationSupport : Shutting down ExecutorService 'applicationTaskExecutor'
2019-12-07 19:44:55.260 - INFO  [      Thread-22] c.a.d.p.DruidDataSource        : {dataSource-1} closed
2019-12-07 19:44:57.201 - INFO  [  restartedMain] o.s.b.StartupInfoLogger        : Starting WebfinalApplication on WFIT6001 with PID 160124 (D:\project\workspace\webfinal\target\classes started by 00047739 in D:\project\workspace\webfinal)
2019-12-07 19:44:57.205 - INFO  [  restartedMain] o.s.b.SpringApplication        : No active profile set, falling back to default profiles: default
2019-12-07 19:44:57.996 - INFO  [  restartedMain] epositoryConfigurationDelegate : Bootstrapping Spring Data repositories in DEFAULT mode.
2019-12-07 19:44:58.007 - INFO  [  restartedMain] epositoryConfigurationDelegate : Finished Spring Data repository scanning in 10ms. Found 0 repository interfaces.
2019-12-07 19:44:58.172 - INFO  [  restartedMain] egate$BeanPostProcessorChecker : Bean 'org.springframework.transaction.annotation.ProxyTransactionManagementConfiguration' of type [org.springframework.transaction.annotation.ProxyTransactionManagementConfiguration] is not eligible for getting processed by all BeanPostProcessors (for example: not eligible for auto-proxying)
2019-12-07 19:44:58.437 - WARN  [  restartedMain] o.a.j.l.DirectJDKLog           : The MBean registry cannot be disabled because it has already been initialised
2019-12-07 19:44:58.667 - INFO  [  restartedMain] o.s.b.w.e.t.TomcatWebServer    : Tomcat initialized with port(s): 8080 (http)
2019-12-07 19:44:58.669 - INFO  [  restartedMain] o.a.j.l.DirectJDKLog           : Initializing ProtocolHandler ["http-nio-8080"]
2019-12-07 19:44:58.669 - INFO  [  restartedMain] o.a.j.l.DirectJDKLog           : Starting service [Tomcat]
2019-12-07 19:44:58.672 - INFO  [  restartedMain] o.a.j.l.DirectJDKLog           : Starting Servlet engine: [Apache Tomcat/9.0.27]
2019-12-07 19:44:58.795 - INFO  [  restartedMain] o.a.j.l.DirectJDKLog           : Initializing Spring embedded WebApplicationContext
2019-12-07 19:44:58.796 - INFO  [  restartedMain] letWebServerApplicationContext : Root WebApplicationContext: initialization completed in 1581 ms
2019-12-07 19:44:58.973 - INFO  [  restartedMain] a.DruidDataSourceAutoConfigure : Init DruidDataSource
2019-12-07 19:44:59.291 - INFO  [  restartedMain] c.a.d.p.DruidDataSource        : {dataSource-2} inited
2019-12-07 19:45:00.142 - INFO  [  restartedMain] c.ExecutorConfigurationSupport : Initializing ExecutorService 'applicationTaskExecutor'
2019-12-07 19:45:00.217 - INFO  [  restartedMain] .w.s.WelcomePageHandlerMapping : Adding welcome page template: index
2019-12-07 19:45:00.386 - WARN  [  restartedMain] o.t.t.TemplateMode             : [THYMELEAF][restartedMain] Template Mode 'HTML5' is deprecated. Using Template Mode 'HTML' instead.
2019-12-07 19:45:00.598 - INFO  [  restartedMain] b.d.a.OptionalLiveReloadServer : LiveReload server is running on port 35729
2019-12-07 19:45:00.674 - INFO  [  restartedMain] o.a.j.l.DirectJDKLog           : Starting ProtocolHandler ["http-nio-8080"]
2019-12-07 19:45:00.685 - INFO  [  restartedMain] o.s.b.w.e.t.TomcatWebServer    : Tomcat started on port(s): 8080 (http) with context path ''
2019-12-07 19:45:00.725 - INFO  [  restartedMain] o.s.b.StartupInfoLogger        : Started WebfinalApplication in 3.852 seconds (JVM running for 9326.697)
2019-12-07 19:45:00.733 - INFO  [  restartedMain] EvaluationDeltaLoggingListener : Condition evaluation unchanged
2019-12-07 19:45:10.764 - INFO  [io-8080-exec-10] o.a.j.l.DirectJDKLog           : Initializing Spring DispatcherServlet 'dispatcherServlet'
2019-12-07 19:45:10.766 - INFO  [io-8080-exec-10] o.s.w.s.FrameworkServlet       : Initializing Servlet 'dispatcherServlet'
2019-12-07 19:45:10.783 - INFO  [io-8080-exec-10] o.s.w.s.FrameworkServlet       : Completed initialization in 17 ms
2019-12-07 20:26:37.974 - INFO  [  restartedMain] o.s.b.StartupInfoLogger        : Starting ScheduleApplication on WFIT6001 with PID 163724 (D:\project\workspace\gettop-schedule\target\classes started by 00047739 in D:\project\workspace\gettop-schedule)
2019-12-07 20:26:37.998 - INFO  [  restartedMain] o.s.b.SpringApplication        : No active profile set, falling back to default profiles: default
2019-12-07 20:26:38.154 - INFO  [  restartedMain] o.s.b.l.DeferredLog            : Devtools property defaults active! Set 'spring.devtools.add-properties' to 'false' to disable
2019-12-07 20:26:38.155 - INFO  [  restartedMain] o.s.b.l.DeferredLog            : For additional web related logging consider setting the 'logging.level.web' property to 'DEBUG'
2019-12-07 20:26:39.670 - INFO  [  restartedMain] epositoryConfigurationDelegate : Bootstrapping Spring Data repositories in DEFAULT mode.
2019-12-07 20:26:39.726 - INFO  [  restartedMain] epositoryConfigurationDelegate : Finished Spring Data repository scanning in 46ms. Found 0 repository interfaces.
2019-12-07 20:26:40.456 - INFO  [  restartedMain] egate$BeanPostProcessorChecker : Bean 'org.springframework.transaction.annotation.ProxyTransactionManagementConfiguration' of type [org.springframework.transaction.annotation.ProxyTransactionManagementConfiguration] is not eligible for getting processed by all BeanPostProcessors (for example: not eligible for auto-proxying)
2019-12-07 20:26:41.158 - INFO  [  restartedMain] o.s.b.w.e.t.TomcatWebServer    : Tomcat initialized with port(s): 8080 (http)
2019-12-07 20:26:41.182 - INFO  [  restartedMain] o.a.j.l.DirectJDKLog           : Initializing ProtocolHandler ["http-nio-8080"]
2019-12-07 20:26:41.183 - INFO  [  restartedMain] o.a.j.l.DirectJDKLog           : Starting service [Tomcat]
2019-12-07 20:26:41.185 - INFO  [  restartedMain] o.a.j.l.DirectJDKLog           : Starting Servlet engine: [Apache Tomcat/9.0.27]
2019-12-07 20:26:41.396 - INFO  [  restartedMain] o.a.j.l.DirectJDKLog           : Initializing Spring embedded WebApplicationContext
2019-12-07 20:26:41.397 - INFO  [  restartedMain] letWebServerApplicationContext : Root WebApplicationContext: initialization completed in 3241 ms
2019-12-07 20:26:41.564 - INFO  [  restartedMain] a.DruidDataSourceAutoConfigure : Init DruidDataSource
2019-12-07 20:26:41.908 - INFO  [  restartedMain] c.a.d.p.DruidDataSource        : {dataSource-1} inited
2019-12-07 20:26:42.631 - INFO  [  restartedMain] c.ExecutorConfigurationSupport : Initializing ExecutorService 'applicationTaskExecutor'
2019-12-07 20:26:42.750 - INFO  [  restartedMain] .w.s.WelcomePageHandlerMapping : Adding welcome page template: index
2019-12-07 20:26:42.853 - WARN  [  restartedMain] o.t.t.TemplateMode             : [THYMELEAF][restartedMain] Template Mode 'HTML5' is deprecated. Using Template Mode 'HTML' instead.
2019-12-07 20:26:43.082 - INFO  [  restartedMain] b.d.a.OptionalLiveReloadServer : LiveReload server is running on port 35729
2019-12-07 20:26:43.146 - INFO  [  restartedMain] o.a.j.l.DirectJDKLog           : Starting ProtocolHandler ["http-nio-8080"]
2019-12-07 20:26:43.184 - INFO  [  restartedMain] o.s.b.w.e.t.TomcatWebServer    : Tomcat started on port(s): 8080 (http) with context path ''
2019-12-07 20:26:43.188 - INFO  [  restartedMain] o.s.b.StartupInfoLogger        : Started ScheduleApplication in 6.048 seconds (JVM running for 10.961)
2019-12-07 20:28:19.976 - INFO  [nio-8080-exec-1] o.a.j.l.DirectJDKLog           : Initializing Spring DispatcherServlet 'dispatcherServlet'
2019-12-07 20:28:19.976 - INFO  [nio-8080-exec-1] o.s.w.s.FrameworkServlet       : Initializing Servlet 'dispatcherServlet'
2019-12-07 20:28:19.987 - INFO  [nio-8080-exec-1] o.s.w.s.FrameworkServlet       : Completed initialization in 11 ms
2019-12-07 20:57:06.859 - INFO  [  restartedMain] o.s.b.StartupInfoLogger        : Starting ScheduleApplication on WFIT6001 with PID 159404 (D:\project\workspace\gettop-schedule\target\classes started by 00047739 in D:\project\workspace\gettop-schedule)
2019-12-07 20:57:06.881 - INFO  [  restartedMain] o.s.b.SpringApplication        : No active profile set, falling back to default profiles: default
2019-12-07 20:57:06.993 - INFO  [  restartedMain] o.s.b.l.DeferredLog            : Devtools property defaults active! Set 'spring.devtools.add-properties' to 'false' to disable
2019-12-07 20:57:06.993 - INFO  [  restartedMain] o.s.b.l.DeferredLog            : For additional web related logging consider setting the 'logging.level.web' property to 'DEBUG'
2019-12-07 20:57:09.099 - INFO  [  restartedMain] epositoryConfigurationDelegate : Bootstrapping Spring Data repositories in DEFAULT mode.
2019-12-07 20:57:09.142 - INFO  [  restartedMain] epositoryConfigurationDelegate : Finished Spring Data repository scanning in 27ms. Found 0 repository interfaces.
2019-12-07 20:57:09.944 - INFO  [  restartedMain] egate$BeanPostProcessorChecker : Bean 'org.springframework.transaction.annotation.ProxyTransactionManagementConfiguration' of type [org.springframework.transaction.annotation.ProxyTransactionManagementConfiguration] is not eligible for getting processed by all BeanPostProcessors (for example: not eligible for auto-proxying)
2019-12-07 20:57:10.728 - INFO  [  restartedMain] o.s.b.w.e.t.TomcatWebServer    : Tomcat initialized with port(s): 8080 (http)
2019-12-07 20:57:10.749 - INFO  [  restartedMain] o.a.j.l.DirectJDKLog           : Initializing ProtocolHandler ["http-nio-8080"]
2019-12-07 20:57:10.751 - INFO  [  restartedMain] o.a.j.l.DirectJDKLog           : Starting service [Tomcat]
2019-12-07 20:57:10.752 - INFO  [  restartedMain] o.a.j.l.DirectJDKLog           : Starting Servlet engine: [Apache Tomcat/9.0.27]
2019-12-07 20:57:11.043 - INFO  [  restartedMain] o.a.j.l.DirectJDKLog           : Initializing Spring embedded WebApplicationContext
2019-12-07 20:57:11.043 - INFO  [  restartedMain] letWebServerApplicationContext : Root WebApplicationContext: initialization completed in 4049 ms
2019-12-07 20:57:11.246 - INFO  [  restartedMain] a.DruidDataSourceAutoConfigure : Init DruidDataSource
2019-12-07 20:57:11.720 - INFO  [  restartedMain] c.a.d.p.DruidDataSource        : {dataSource-1} inited
2019-12-07 20:57:12.254 - INFO  [  restartedMain] c.ExecutorConfigurationSupport : Initializing ExecutorService 'applicationTaskExecutor'
2019-12-07 20:57:12.361 - INFO  [  restartedMain] .w.s.WelcomePageHandlerMapping : Adding welcome page template: index
2019-12-07 20:57:12.471 - WARN  [  restartedMain] o.t.t.TemplateMode             : [THYMELEAF][restartedMain] Template Mode 'HTML5' is deprecated. Using Template Mode 'HTML' instead.
2019-12-07 20:57:12.737 - INFO  [  restartedMain] b.d.a.OptionalLiveReloadServer : LiveReload server is running on port 35729
2019-12-07 20:57:12.783 - INFO  [  restartedMain] ledAnnotationBeanPostProcessor : No TaskScheduler/ScheduledExecutorService bean found for scheduled processing
2019-12-07 20:57:12.797 - INFO  [  restartedMain] o.a.j.l.DirectJDKLog           : Stopping service [Tomcat]
2019-12-07 20:57:12.809 - INFO  [  restartedMain] valuationReportLoggingListener : 

Error starting ApplicationContext. To display the conditions report re-run your application with 'debug' enabled.
2019-12-07 20:57:12.836 - INFO  [  restartedMain] c.ExecutorConfigurationSupport : Shutting down ExecutorService 'applicationTaskExecutor'
2019-12-07 20:57:12.838 - INFO  [  restartedMain] c.a.d.p.DruidDataSource        : {dataSource-1} closed
2019-12-07 21:00:57.270 - INFO  [  restartedMain] o.s.b.StartupInfoLogger        : Starting ScheduleApplication on WFIT6001 with PID 154616 (D:\project\workspace\gettop-schedule\target\classes started by 00047739 in D:\project\workspace\gettop-schedule)
2019-12-07 21:00:57.294 - INFO  [  restartedMain] o.s.b.SpringApplication        : No active profile set, falling back to default profiles: default
2019-12-07 21:00:57.386 - INFO  [  restartedMain] o.s.b.l.DeferredLog            : Devtools property defaults active! Set 'spring.devtools.add-properties' to 'false' to disable
2019-12-07 21:00:57.390 - INFO  [  restartedMain] o.s.b.l.DeferredLog            : For additional web related logging consider setting the 'logging.level.web' property to 'DEBUG'
2019-12-07 21:00:58.662 - INFO  [  restartedMain] epositoryConfigurationDelegate : Bootstrapping Spring Data repositories in DEFAULT mode.
2019-12-07 21:00:58.690 - INFO  [  restartedMain] epositoryConfigurationDelegate : Finished Spring Data repository scanning in 21ms. Found 0 repository interfaces.
2019-12-07 21:00:59.312 - INFO  [  restartedMain] egate$BeanPostProcessorChecker : Bean 'org.springframework.transaction.annotation.ProxyTransactionManagementConfiguration' of type [org.springframework.transaction.annotation.ProxyTransactionManagementConfiguration] is not eligible for getting processed by all BeanPostProcessors (for example: not eligible for auto-proxying)
2019-12-07 21:01:00.574 - INFO  [  restartedMain] o.s.b.w.e.t.TomcatWebServer    : Tomcat initialized with port(s): 8080 (http)
2019-12-07 21:01:00.606 - INFO  [  restartedMain] o.a.j.l.DirectJDKLog           : Initializing ProtocolHandler ["http-nio-8080"]
2019-12-07 21:01:00.608 - INFO  [  restartedMain] o.a.j.l.DirectJDKLog           : Starting service [Tomcat]
2019-12-07 21:01:00.610 - INFO  [  restartedMain] o.a.j.l.DirectJDKLog           : Starting Servlet engine: [Apache Tomcat/9.0.27]
2019-12-07 21:01:00.894 - INFO  [  restartedMain] o.a.j.l.DirectJDKLog           : Initializing Spring embedded WebApplicationContext
2019-12-07 21:01:00.896 - INFO  [  restartedMain] letWebServerApplicationContext : Root WebApplicationContext: initialization completed in 3505 ms
2019-12-07 21:01:01.103 - INFO  [  restartedMain] a.DruidDataSourceAutoConfigure : Init DruidDataSource
2019-12-07 21:01:01.624 - INFO  [  restartedMain] c.a.d.p.DruidDataSource        : {dataSource-1} inited
2019-12-07 21:01:02.018 - INFO  [  restartedMain] c.ExecutorConfigurationSupport : Initializing ExecutorService 'applicationTaskExecutor'
2019-12-07 21:01:02.114 - INFO  [  restartedMain] .w.s.WelcomePageHandlerMapping : Adding welcome page template: index
2019-12-07 21:01:02.201 - WARN  [  restartedMain] o.t.t.TemplateMode             : [THYMELEAF][restartedMain] Template Mode 'HTML5' is deprecated. Using Template Mode 'HTML' instead.
2019-12-07 21:01:02.427 - INFO  [  restartedMain] b.d.a.OptionalLiveReloadServer : LiveReload server is running on port 35729
2019-12-07 21:01:02.491 - INFO  [  restartedMain] ledAnnotationBeanPostProcessor : No TaskScheduler/ScheduledExecutorService bean found for scheduled processing
2019-12-07 21:01:02.508 - INFO  [  restartedMain] o.a.j.l.DirectJDKLog           : Stopping service [Tomcat]
2019-12-07 21:01:02.525 - INFO  [  restartedMain] valuationReportLoggingListener : 

Error starting ApplicationContext. To display the conditions report re-run your application with 'debug' enabled.
2019-12-07 21:01:02.554 - INFO  [  restartedMain] c.ExecutorConfigurationSupport : Shutting down ExecutorService 'applicationTaskExecutor'
2019-12-07 21:01:02.556 - INFO  [  restartedMain] c.a.d.p.DruidDataSource        : {dataSource-1} closed
2019-12-07 21:02:49.586 - INFO  [  restartedMain] o.s.b.StartupInfoLogger        : Starting ScheduleApplication on WFIT6001 with PID 163120 (D:\project\workspace\gettop-schedule\target\classes started by 00047739 in D:\project\workspace\gettop-schedule)
2019-12-07 21:02:49.610 - INFO  [  restartedMain] o.s.b.SpringApplication        : No active profile set, falling back to default profiles: default
2019-12-07 21:02:49.709 - INFO  [  restartedMain] o.s.b.l.DeferredLog            : Devtools property defaults active! Set 'spring.devtools.add-properties' to 'false' to disable
2019-12-07 21:02:49.709 - INFO  [  restartedMain] o.s.b.l.DeferredLog            : For additional web related logging consider setting the 'logging.level.web' property to 'DEBUG'
2019-12-07 21:02:51.490 - INFO  [  restartedMain] epositoryConfigurationDelegate : Bootstrapping Spring Data repositories in DEFAULT mode.
2019-12-07 21:02:51.566 - INFO  [  restartedMain] epositoryConfigurationDelegate : Finished Spring Data repository scanning in 58ms. Found 0 repository interfaces.
2019-12-07 21:02:52.270 - INFO  [  restartedMain] egate$BeanPostProcessorChecker : Bean 'org.springframework.transaction.annotation.ProxyTransactionManagementConfiguration' of type [org.springframework.transaction.annotation.ProxyTransactionManagementConfiguration] is not eligible for getting processed by all BeanPostProcessors (for example: not eligible for auto-proxying)
2019-12-07 21:02:52.966 - INFO  [  restartedMain] o.s.b.w.e.t.TomcatWebServer    : Tomcat initialized with port(s): 8080 (http)
2019-12-07 21:02:52.982 - INFO  [  restartedMain] o.a.j.l.DirectJDKLog           : Initializing ProtocolHandler ["http-nio-8080"]
2019-12-07 21:02:52.984 - INFO  [  restartedMain] o.a.j.l.DirectJDKLog           : Starting service [Tomcat]
2019-12-07 21:02:52.986 - INFO  [  restartedMain] o.a.j.l.DirectJDKLog           : Starting Servlet engine: [Apache Tomcat/9.0.27]
2019-12-07 21:02:53.230 - INFO  [  restartedMain] o.a.j.l.DirectJDKLog           : Initializing Spring embedded WebApplicationContext
2019-12-07 21:02:53.231 - INFO  [  restartedMain] letWebServerApplicationContext : Root WebApplicationContext: initialization completed in 3521 ms
2019-12-07 21:02:53.409 - INFO  [  restartedMain] a.DruidDataSourceAutoConfigure : Init DruidDataSource
2019-12-07 21:02:53.826 - INFO  [  restartedMain] c.a.d.p.DruidDataSource        : {dataSource-1} inited
2019-12-07 21:02:54.313 - INFO  [  restartedMain] c.ExecutorConfigurationSupport : Initializing ExecutorService 'applicationTaskExecutor'
2019-12-07 21:02:54.408 - INFO  [  restartedMain] .w.s.WelcomePageHandlerMapping : Adding welcome page template: index
2019-12-07 21:02:54.494 - WARN  [  restartedMain] o.t.t.TemplateMode             : [THYMELEAF][restartedMain] Template Mode 'HTML5' is deprecated. Using Template Mode 'HTML' instead.
2019-12-07 21:02:54.687 - INFO  [  restartedMain] b.d.a.OptionalLiveReloadServer : LiveReload server is running on port 35729
2019-12-07 21:02:54.743 - INFO  [  restartedMain] ledAnnotationBeanPostProcessor : No TaskScheduler/ScheduledExecutorService bean found for scheduled processing
2019-12-07 21:02:54.756 - INFO  [  restartedMain] o.a.j.l.DirectJDKLog           : Stopping service [Tomcat]
2019-12-07 21:02:54.765 - INFO  [  restartedMain] valuationReportLoggingListener : 

Error starting ApplicationContext. To display the conditions report re-run your application with 'debug' enabled.
2019-12-07 21:02:54.786 - INFO  [  restartedMain] c.ExecutorConfigurationSupport : Shutting down ExecutorService 'applicationTaskExecutor'
2019-12-07 21:02:54.789 - INFO  [  restartedMain] c.a.d.p.DruidDataSource        : {dataSource-1} closed
2019-12-07 21:06:12.536 - INFO  [  restartedMain] o.s.b.StartupInfoLogger        : Starting ScheduleApplication on WFIT6001 with PID 162124 (D:\project\workspace\gettop-schedule\target\classes started by 00047739 in D:\project\workspace\gettop-schedule)
2019-12-07 21:06:12.568 - INFO  [  restartedMain] o.s.b.SpringApplication        : No active profile set, falling back to default profiles: default
2019-12-07 21:06:12.677 - INFO  [  restartedMain] o.s.b.l.DeferredLog            : Devtools property defaults active! Set 'spring.devtools.add-properties' to 'false' to disable
2019-12-07 21:06:12.678 - INFO  [  restartedMain] o.s.b.l.DeferredLog            : For additional web related logging consider setting the 'logging.level.web' property to 'DEBUG'
2019-12-07 21:06:13.942 - INFO  [  restartedMain] epositoryConfigurationDelegate : Bootstrapping Spring Data repositories in DEFAULT mode.
2019-12-07 21:06:13.970 - INFO  [  restartedMain] epositoryConfigurationDelegate : Finished Spring Data repository scanning in 18ms. Found 0 repository interfaces.
2019-12-07 21:06:14.723 - INFO  [  restartedMain] egate$BeanPostProcessorChecker : Bean 'org.springframework.transaction.annotation.ProxyTransactionManagementConfiguration' of type [org.springframework.transaction.annotation.ProxyTransactionManagementConfiguration] is not eligible for getting processed by all BeanPostProcessors (for example: not eligible for auto-proxying)
2019-12-07 21:06:15.501 - INFO  [  restartedMain] o.s.b.w.e.t.TomcatWebServer    : Tomcat initialized with port(s): 8080 (http)
2019-12-07 21:06:15.530 - INFO  [  restartedMain] o.a.j.l.DirectJDKLog           : Initializing ProtocolHandler ["http-nio-8080"]
2019-12-07 21:06:15.533 - INFO  [  restartedMain] o.a.j.l.DirectJDKLog           : Starting service [Tomcat]
2019-12-07 21:06:15.534 - INFO  [  restartedMain] o.a.j.l.DirectJDKLog           : Starting Servlet engine: [Apache Tomcat/9.0.27]
2019-12-07 21:06:15.786 - INFO  [  restartedMain] o.a.j.l.DirectJDKLog           : Initializing Spring embedded WebApplicationContext
2019-12-07 21:06:15.787 - INFO  [  restartedMain] letWebServerApplicationContext : Root WebApplicationContext: initialization completed in 3108 ms
2019-12-07 21:06:15.974 - INFO  [  restartedMain] a.DruidDataSourceAutoConfigure : Init DruidDataSource
2019-12-07 21:06:16.369 - INFO  [  restartedMain] c.a.d.p.DruidDataSource        : {dataSource-1} inited
2019-12-07 21:06:16.904 - INFO  [  restartedMain] c.ExecutorConfigurationSupport : Initializing ExecutorService 'applicationTaskExecutor'
2019-12-07 21:06:17.052 - INFO  [  restartedMain] .w.s.WelcomePageHandlerMapping : Adding welcome page template: index
2019-12-07 21:06:17.188 - WARN  [  restartedMain] o.t.t.TemplateMode             : [THYMELEAF][restartedMain] Template Mode 'HTML5' is deprecated. Using Template Mode 'HTML' instead.
2019-12-07 21:06:17.465 - INFO  [  restartedMain] b.d.a.OptionalLiveReloadServer : LiveReload server is running on port 35729
2019-12-07 21:06:17.545 - INFO  [  restartedMain] ledAnnotationBeanPostProcessor : No TaskScheduler/ScheduledExecutorService bean found for scheduled processing
2019-12-07 21:06:17.569 - INFO  [  restartedMain] o.a.j.l.DirectJDKLog           : Stopping service [Tomcat]
2019-12-07 21:06:17.587 - INFO  [  restartedMain] valuationReportLoggingListener : 

Error starting ApplicationContext. To display the conditions report re-run your application with 'debug' enabled.
2019-12-07 21:06:17.631 - INFO  [  restartedMain] c.ExecutorConfigurationSupport : Shutting down ExecutorService 'applicationTaskExecutor'
2019-12-07 21:06:17.636 - INFO  [  restartedMain] c.a.d.p.DruidDataSource        : {dataSource-1} closed
2019-12-07 21:12:00.527 - INFO  [  restartedMain] o.s.b.StartupInfoLogger        : Starting ScheduleApplication on WFIT6001 with PID 152936 (D:\project\workspace\gettop-schedule\target\classes started by 00047739 in D:\project\workspace\gettop-schedule)
2019-12-07 21:12:00.571 - INFO  [  restartedMain] o.s.b.SpringApplication        : No active profile set, falling back to default profiles: default
2019-12-07 21:12:00.653 - INFO  [  restartedMain] o.s.b.l.DeferredLog            : Devtools property defaults active! Set 'spring.devtools.add-properties' to 'false' to disable
2019-12-07 21:12:00.654 - INFO  [  restartedMain] o.s.b.l.DeferredLog            : For additional web related logging consider setting the 'logging.level.web' property to 'DEBUG'
2019-12-07 21:12:02.297 - INFO  [  restartedMain] epositoryConfigurationDelegate : Bootstrapping Spring Data repositories in DEFAULT mode.
2019-12-07 21:12:02.330 - INFO  [  restartedMain] epositoryConfigurationDelegate : Finished Spring Data repository scanning in 24ms. Found 0 repository interfaces.
2019-12-07 21:12:03.419 - INFO  [  restartedMain] egate$BeanPostProcessorChecker : Bean 'org.springframework.transaction.annotation.ProxyTransactionManagementConfiguration' of type [org.springframework.transaction.annotation.ProxyTransactionManagementConfiguration] is not eligible for getting processed by all BeanPostProcessors (for example: not eligible for auto-proxying)
2019-12-07 21:12:04.064 - INFO  [  restartedMain] o.s.b.w.e.t.TomcatWebServer    : Tomcat initialized with port(s): 8080 (http)
2019-12-07 21:12:04.081 - INFO  [  restartedMain] o.a.j.l.DirectJDKLog           : Initializing ProtocolHandler ["http-nio-8080"]
2019-12-07 21:12:04.083 - INFO  [  restartedMain] o.a.j.l.DirectJDKLog           : Starting service [Tomcat]
2019-12-07 21:12:04.084 - INFO  [  restartedMain] o.a.j.l.DirectJDKLog           : Starting Servlet engine: [Apache Tomcat/9.0.27]
2019-12-07 21:12:04.282 - INFO  [  restartedMain] o.a.j.l.DirectJDKLog           : Initializing Spring embedded WebApplicationContext
2019-12-07 21:12:04.283 - INFO  [  restartedMain] letWebServerApplicationContext : Root WebApplicationContext: initialization completed in 3628 ms
2019-12-07 21:12:04.449 - INFO  [  restartedMain] a.DruidDataSourceAutoConfigure : Init DruidDataSource
2019-12-07 21:12:04.847 - INFO  [  restartedMain] c.a.d.p.DruidDataSource        : {dataSource-1} inited
2019-12-07 21:12:05.249 - INFO  [  restartedMain] c.ExecutorConfigurationSupport : Initializing ExecutorService 'applicationTaskExecutor'
2019-12-07 21:12:05.351 - INFO  [  restartedMain] .w.s.WelcomePageHandlerMapping : Adding welcome page template: index
2019-12-07 21:12:05.465 - WARN  [  restartedMain] o.t.t.TemplateMode             : [THYMELEAF][restartedMain] Template Mode 'HTML5' is deprecated. Using Template Mode 'HTML' instead.
2019-12-07 21:12:05.687 - INFO  [  restartedMain] b.d.a.OptionalLiveReloadServer : LiveReload server is running on port 35729
2019-12-07 21:12:05.745 - INFO  [  restartedMain] ledAnnotationBeanPostProcessor : No TaskScheduler/ScheduledExecutorService bean found for scheduled processing
2019-12-07 21:12:05.757 - INFO  [  restartedMain] o.a.j.l.DirectJDKLog           : Stopping service [Tomcat]
2019-12-07 21:12:05.768 - INFO  [  restartedMain] valuationReportLoggingListener : 

Error starting ApplicationContext. To display the conditions report re-run your application with 'debug' enabled.
2019-12-07 21:12:05.794 - INFO  [  restartedMain] c.ExecutorConfigurationSupport : Shutting down ExecutorService 'applicationTaskExecutor'
2019-12-07 21:12:05.795 - INFO  [  restartedMain] c.a.d.p.DruidDataSource        : {dataSource-1} closed
2019-12-07 21:14:22.759 - INFO  [           main] o.s.b.StartupInfoLogger        : Starting ScheduleApplication on WFIT6001 with PID 158772 (D:\project\workspace\gettop-schedule\target\classes started by 00047739 in D:\project\workspace\gettop-schedule)
2019-12-07 21:14:22.780 - INFO  [           main] o.s.b.SpringApplication        : No active profile set, falling back to default profiles: default
2019-12-07 21:14:23.948 - INFO  [           main] epositoryConfigurationDelegate : Bootstrapping Spring Data repositories in DEFAULT mode.
2019-12-07 21:14:23.974 - INFO  [           main] epositoryConfigurationDelegate : Finished Spring Data repository scanning in 20ms. Found 0 repository interfaces.
2019-12-07 21:14:24.604 - INFO  [           main] egate$BeanPostProcessorChecker : Bean 'org.springframework.transaction.annotation.ProxyTransactionManagementConfiguration' of type [org.springframework.transaction.annotation.ProxyTransactionManagementConfiguration] is not eligible for getting processed by all BeanPostProcessors (for example: not eligible for auto-proxying)
2019-12-07 21:14:25.663 - INFO  [           main] o.s.b.w.e.t.TomcatWebServer    : Tomcat initialized with port(s): 8080 (http)
2019-12-07 21:14:25.680 - INFO  [           main] o.a.j.l.DirectJDKLog           : Initializing ProtocolHandler ["http-nio-8080"]
2019-12-07 21:14:25.682 - INFO  [           main] o.a.j.l.DirectJDKLog           : Starting service [Tomcat]
2019-12-07 21:14:25.684 - INFO  [           main] o.a.j.l.DirectJDKLog           : Starting Servlet engine: [Apache Tomcat/9.0.27]
2019-12-07 21:14:25.967 - INFO  [           main] o.a.j.l.DirectJDKLog           : Initializing Spring embedded WebApplicationContext
2019-12-07 21:14:25.967 - INFO  [           main] letWebServerApplicationContext : Root WebApplicationContext: initialization completed in 3115 ms
2019-12-07 21:14:26.402 - INFO  [           main] a.DruidDataSourceAutoConfigure : Init DruidDataSource
2019-12-07 21:14:26.939 - INFO  [           main] c.a.d.p.DruidDataSource        : {dataSource-1} inited
2019-12-07 21:14:27.645 - INFO  [           main] c.ExecutorConfigurationSupport : Initializing ExecutorService 'applicationTaskExecutor'
2019-12-07 21:14:27.796 - INFO  [           main] .w.s.WelcomePageHandlerMapping : Adding welcome page template: index
2019-12-07 21:14:27.927 - WARN  [           main] o.t.t.TemplateMode             : [THYMELEAF][main] Template Mode 'HTML5' is deprecated. Using Template Mode 'HTML' instead.
2019-12-07 21:14:28.265 - INFO  [           main] ledAnnotationBeanPostProcessor : No TaskScheduler/ScheduledExecutorService bean found for scheduled processing
2019-12-07 21:14:28.282 - INFO  [           main] o.a.j.l.DirectJDKLog           : Stopping service [Tomcat]
2019-12-07 21:14:28.292 - INFO  [           main] valuationReportLoggingListener : 

Error starting ApplicationContext. To display the conditions report re-run your application with 'debug' enabled.
2019-12-07 21:14:28.321 - INFO  [           main] c.ExecutorConfigurationSupport : Shutting down ExecutorService 'applicationTaskExecutor'
2019-12-07 21:14:28.324 - INFO  [           main] c.a.d.p.DruidDataSource        : {dataSource-1} closed
2019-12-07 21:23:54.510 - INFO  [           main] o.s.b.StartupInfoLogger        : Starting ScheduleApplication on WFIT6001 with PID 154796 (D:\project\workspace\gettop-schedule\target\classes started by 00047739 in D:\project\workspace\gettop-schedule)
2019-12-07 21:23:54.549 - INFO  [           main] o.s.b.SpringApplication        : No active profile set, falling back to default profiles: default
2019-12-07 21:23:55.854 - INFO  [           main] epositoryConfigurationDelegate : Bootstrapping Spring Data repositories in DEFAULT mode.
2019-12-07 21:23:55.881 - INFO  [           main] epositoryConfigurationDelegate : Finished Spring Data repository scanning in 20ms. Found 0 repository interfaces.
2019-12-07 21:23:57.041 - INFO  [           main] egate$BeanPostProcessorChecker : Bean 'org.springframework.transaction.annotation.ProxyTransactionManagementConfiguration' of type [org.springframework.transaction.annotation.ProxyTransactionManagementConfiguration] is not eligible for getting processed by all BeanPostProcessors (for example: not eligible for auto-proxying)
2019-12-07 21:23:58.371 - INFO  [           main] o.s.b.w.e.t.TomcatWebServer    : Tomcat initialized with port(s): 8080 (http)
2019-12-07 21:23:58.389 - INFO  [           main] o.a.j.l.DirectJDKLog           : Initializing ProtocolHandler ["http-nio-8080"]
2019-12-07 21:23:58.391 - INFO  [           main] o.a.j.l.DirectJDKLog           : Starting service [Tomcat]
2019-12-07 21:23:58.392 - INFO  [           main] o.a.j.l.DirectJDKLog           : Starting Servlet engine: [Apache Tomcat/9.0.27]
2019-12-07 21:23:58.665 - INFO  [           main] o.a.j.l.DirectJDKLog           : Initializing Spring embedded WebApplicationContext
2019-12-07 21:23:58.665 - INFO  [           main] letWebServerApplicationContext : Root WebApplicationContext: initialization completed in 4042 ms
2019-12-07 21:23:58.932 - INFO  [           main] a.DruidDataSourceAutoConfigure : Init DruidDataSource
2019-12-07 21:23:59.181 - INFO  [           main] c.a.d.p.DruidDataSource        : {dataSource-1} inited
2019-12-07 21:23:59.728 - INFO  [           main] c.ExecutorConfigurationSupport : Initializing ExecutorService 'applicationTaskExecutor'
2019-12-07 21:23:59.856 - INFO  [           main] .w.s.WelcomePageHandlerMapping : Adding welcome page template: index
2019-12-07 21:23:59.965 - WARN  [           main] o.t.t.TemplateMode             : [THYMELEAF][main] Template Mode 'HTML5' is deprecated. Using Template Mode 'HTML' instead.
2019-12-07 21:24:00.222 - INFO  [           main] ledAnnotationBeanPostProcessor : No TaskScheduler/ScheduledExecutorService bean found for scheduled processing
2019-12-07 21:24:00.236 - INFO  [           main] o.a.j.l.DirectJDKLog           : Starting ProtocolHandler ["http-nio-8080"]
2019-12-07 21:24:00.273 - INFO  [           main] o.s.b.w.e.t.TomcatWebServer    : Tomcat started on port(s): 8080 (http) with context path ''
2019-12-07 21:24:00.277 - INFO  [           main] o.s.b.StartupInfoLogger        : Started ScheduleApplication in 6.51 seconds (JVM running for 11.181)
2019-12-07 21:24:28.195 - INFO  [           main] o.s.b.StartupInfoLogger        : Starting ScheduleApplication on WFIT6001 with PID 160800 (D:\project\workspace\gettop-schedule\target\classes started by 00047739 in D:\project\workspace\gettop-schedule)
2019-12-07 21:24:28.224 - INFO  [           main] o.s.b.SpringApplication        : No active profile set, falling back to default profiles: default
2019-12-07 21:24:29.528 - INFO  [           main] epositoryConfigurationDelegate : Bootstrapping Spring Data repositories in DEFAULT mode.
2019-12-07 21:24:29.560 - INFO  [           main] epositoryConfigurationDelegate : Finished Spring Data repository scanning in 22ms. Found 0 repository interfaces.
2019-12-07 21:24:31.150 - INFO  [           main] egate$BeanPostProcessorChecker : Bean 'org.springframework.transaction.annotation.ProxyTransactionManagementConfiguration' of type [org.springframework.transaction.annotation.ProxyTransactionManagementConfiguration] is not eligible for getting processed by all BeanPostProcessors (for example: not eligible for auto-proxying)
2019-12-07 21:24:31.950 - INFO  [           main] o.s.b.w.e.t.TomcatWebServer    : Tomcat initialized with port(s): 8080 (http)
2019-12-07 21:24:31.970 - INFO  [           main] o.a.j.l.DirectJDKLog           : Initializing ProtocolHandler ["http-nio-8080"]
2019-12-07 21:24:31.972 - INFO  [           main] o.a.j.l.DirectJDKLog           : Starting service [Tomcat]
2019-12-07 21:24:31.974 - INFO  [           main] o.a.j.l.DirectJDKLog           : Starting Servlet engine: [Apache Tomcat/9.0.27]
2019-12-07 21:24:32.266 - INFO  [           main] o.a.j.l.DirectJDKLog           : Initializing Spring embedded WebApplicationContext
2019-12-07 21:24:32.267 - INFO  [           main] letWebServerApplicationContext : Root WebApplicationContext: initialization completed in 3928 ms
2019-12-07 21:24:32.550 - INFO  [           main] a.DruidDataSourceAutoConfigure : Init DruidDataSource
2019-12-07 21:24:33.087 - INFO  [           main] c.a.d.p.DruidDataSource        : {dataSource-1} inited
2019-12-07 21:24:33.848 - INFO  [           main] c.ExecutorConfigurationSupport : Initializing ExecutorService 'applicationTaskExecutor'
2019-12-07 21:24:34.001 - INFO  [           main] .w.s.WelcomePageHandlerMapping : Adding welcome page template: index
2019-12-07 21:24:34.131 - WARN  [           main] o.t.t.TemplateMode             : [THYMELEAF][main] Template Mode 'HTML5' is deprecated. Using Template Mode 'HTML' instead.
2019-12-07 21:24:34.567 - INFO  [           main] ledAnnotationBeanPostProcessor : No TaskScheduler/ScheduledExecutorService bean found for scheduled processing
2019-12-07 21:24:34.605 - INFO  [           main] o.a.j.l.DirectJDKLog           : Starting ProtocolHandler ["http-nio-8080"]
2019-12-07 21:24:34.720 - INFO  [           main] o.s.b.w.e.t.TomcatWebServer    : Tomcat started on port(s): 8080 (http) with context path ''
2019-12-07 21:24:34.728 - INFO  [           main] o.s.b.StartupInfoLogger        : Started ScheduleApplication in 7.443 seconds (JVM running for 14.176)
2019-12-07 21:24:42.846 - INFO  [extShutdownHook] c.ExecutorConfigurationSupport : Shutting down ExecutorService 'applicationTaskExecutor'
2019-12-07 21:24:42.850 - INFO  [extShutdownHook] c.a.d.p.DruidDataSource        : {dataSource-1} closed
