2019-12-11 16:05:42.584 - INFO  [  restartedMain] o.s.b.StartupInfoLogger        : Starting WebfinalApplication on WFIT6001 with PID 19092 (D:\project\workspace\webfinal\target\classes started by 00047739 in D:\project\workspace\webfinal)
2019-12-11 16:05:42.616 - INFO  [  restartedMain] o.s.b.SpringApplication        : No active profile set, falling back to default profiles: default
2019-12-11 16:05:42.710 - INFO  [  restartedMain] o.s.b.l.DeferredLog            : Devtools property defaults active! Set 'spring.devtools.add-properties' to 'false' to disable
2019-12-11 16:05:42.711 - INFO  [  restartedMain] o.s.b.l.DeferredLog            : For additional web related logging consider setting the 'logging.level.web' property to 'DEBUG'
2019-12-11 16:05:43.964 - INFO  [  restartedMain] epositoryConfigurationDelegate : Bootstrapping Spring Data repositories in DEFAULT mode.
2019-12-11 16:05:43.988 - INFO  [  restartedMain] epositoryConfigurationDelegate : Finished Spring Data repository scanning in 19ms. Found 0 repository interfaces.
2019-12-11 16:05:44.457 - INFO  [  restartedMain] egate$BeanPostProcessorChecker : Bean 'org.springframework.transaction.annotation.ProxyTransactionManagementConfiguration' of type [org.springframework.transaction.annotation.ProxyTransactionManagementConfiguration] is not eligible for getting processed by all BeanPostProcessors (for example: not eligible for auto-proxying)
2019-12-11 16:05:45.017 - INFO  [  restartedMain] o.s.b.w.e.t.TomcatWebServer    : Tomcat initialized with port(s): 8080 (http)
2019-12-11 16:05:45.035 - INFO  [  restartedMain] o.a.j.l.DirectJDKLog           : Initializing ProtocolHandler ["http-nio-8080"]
2019-12-11 16:05:45.036 - INFO  [  restartedMain] o.a.j.l.DirectJDKLog           : Starting service [Tomcat]
2019-12-11 16:05:45.037 - INFO  [  restartedMain] o.a.j.l.DirectJDKLog           : Starting Servlet engine: [Apache Tomcat/9.0.27]
2019-12-11 16:05:45.261 - INFO  [  restartedMain] o.a.j.l.DirectJDKLog           : Initializing Spring embedded WebApplicationContext
2019-12-11 16:05:45.262 - INFO  [  restartedMain] letWebServerApplicationContext : Root WebApplicationContext: initialization completed in 2551 ms
2019-12-11 16:05:45.431 - INFO  [  restartedMain] a.DruidDataSourceAutoConfigure : Init DruidDataSource
2019-12-11 16:05:45.803 - INFO  [  restartedMain] c.a.d.p.DruidDataSource        : {dataSource-1} inited
2019-12-11 16:05:46.549 - INFO  [  restartedMain] c.ExecutorConfigurationSupport : Initializing ExecutorService 'applicationTaskExecutor'
2019-12-11 16:05:46.663 - INFO  [  restartedMain] .w.s.WelcomePageHandlerMapping : Adding welcome page template: index
2019-12-11 16:05:46.843 - WARN  [  restartedMain] o.t.t.TemplateMode             : [THYMELEAF][restartedMain] Template Mode 'HTML5' is deprecated. Using Template Mode 'HTML' instead.
2019-12-11 16:05:47.075 - WARN  [  restartedMain] b.d.a.OptionalLiveReloadServer : Unable to start LiveReload server
2019-12-11 16:05:47.121 - INFO  [  restartedMain] o.a.j.l.DirectJDKLog           : Starting ProtocolHandler ["http-nio-8080"]
2019-12-11 16:05:47.166 - INFO  [  restartedMain] o.s.b.w.e.t.TomcatWebServer    : Tomcat started on port(s): 8080 (http) with context path ''
2019-12-11 16:05:47.181 - INFO  [  restartedMain] o.s.b.StartupInfoLogger        : Started WebfinalApplication in 5.288 seconds (JVM running for 10.605)
