2019-12-11 09:00:54.529 -ERROR  [ctor-http-nio-1] o.s.c.l.CompositeLog           : [28bec9a6]  500 Server Error for HTTP GET "/route/refresh"
java.lang.IllegalStateException: Could not create URI object: Illegal character in hostname at index 27: lb://SERVICE-PROVIDER123234讓345
	at org.springframework.web.util.HierarchicalUriComponents.toUri(HierarchicalUriComponents.java:516) ~[spring-web-5.2.2.RELEASE.jar:5.2.2.RELEASE]
	Suppressed: reactor.core.publisher.FluxOnAssembly$OnAssemblyException: 
Error has been observed at the following site(s):
	|_ checkpoint ⇢ org.springframework.cloud.gateway.filter.WeightCalculatorWebFilter [DefaultWebFilterChain]
	|_ checkpoint ⇢ org.springframework.boot.actuate.metrics.web.reactive.server.MetricsWebFilter [DefaultWebFilterChain]
	|_ checkpoint ⇢ HTTP GET "/route/refresh" [ExceptionHandlingWebHandler]
Stack trace:
		at org.springframework.web.util.HierarchicalUriComponents.toUri(HierarchicalUriComponents.java:516) ~[spring-web-5.2.2.RELEASE.jar:5.2.2.RELEASE]
		at com.gettop.gateway.common.handler.GatewayServiceHandler.lambda$loadRouteConfig$0(GatewayServiceHandler.java:62) ~[classes/:?]
		at java.util.ArrayList.forEach(ArrayList.java:1257) ~[?:1.8.0_191]
		at com.gettop.gateway.common.handler.GatewayServiceHandler.loadRouteConfig(GatewayServiceHandler.java:49) ~[classes/:?]
		at com.gettop.gateway.business.controller.RouteController.refresh(RouteController.java:29) ~[classes/:?]
		at sun.reflect.NativeMethodAccessorImpl.invoke0(Native Method) ~[?:1.8.0_191]
		at sun.reflect.NativeMethodAccessorImpl.invoke(NativeMethodAccessorImpl.java:62) ~[?:1.8.0_191]
		at sun.reflect.DelegatingMethodAccessorImpl.invoke(DelegatingMethodAccessorImpl.java:43) ~[?:1.8.0_191]
		at java.lang.reflect.Method.invoke(Method.java:498) ~[?:1.8.0_191]
		at org.springframework.web.reactive.result.method.InvocableHandlerMethod.lambda$invoke$0(InvocableHandlerMethod.java:147) ~[spring-webflux-5.2.2.RELEASE.jar:5.2.2.RELEASE]
		at reactor.core.publisher.FluxFlatMap.trySubscribeScalarMap(FluxFlatMap.java:151) [reactor-core-3.3.1.RELEASE.jar:3.3.1.RELEASE]
		at reactor.core.publisher.MonoFlatMap.subscribeOrReturn(MonoFlatMap.java:53) [reactor-core-3.3.1.RELEASE.jar:3.3.1.RELEASE]
		at reactor.core.publisher.InternalMonoOperator.subscribe(InternalMonoOperator.java:48) [reactor-core-3.3.1.RELEASE.jar:3.3.1.RELEASE]
		at reactor.core.publisher.MonoDefer.subscribe(MonoDefer.java:52) [reactor-core-3.3.1.RELEASE.jar:3.3.1.RELEASE]
		at reactor.core.publisher.MonoIgnoreThen$ThenIgnoreMain.drain(MonoIgnoreThen.java:153) [reactor-core-3.3.1.RELEASE.jar:3.3.1.RELEASE]
		at reactor.core.publisher.MonoIgnoreThen.subscribe(MonoIgnoreThen.java:56) [reactor-core-3.3.1.RELEASE.jar:3.3.1.RELEASE]
		at reactor.core.publisher.InternalMonoOperator.subscribe(InternalMonoOperator.java:55) [reactor-core-3.3.1.RELEASE.jar:3.3.1.RELEASE]
		at reactor.core.publisher.MonoFlatMap$FlatMapMain.onNext(MonoFlatMap.java:150) [reactor-core-3.3.1.RELEASE.jar:3.3.1.RELEASE]
		at reactor.core.publisher.FluxSwitchIfEmpty$SwitchIfEmptySubscriber.onNext(FluxSwitchIfEmpty.java:67) [reactor-core-3.3.1.RELEASE.jar:3.3.1.RELEASE]
		at reactor.core.publisher.MonoNext$NextSubscriber.onNext(MonoNext.java:76) [reactor-core-3.3.1.RELEASE.jar:3.3.1.RELEASE]
		at reactor.core.publisher.FluxConcatMap$ConcatMapImmediate.innerNext(FluxConcatMap.java:274) [reactor-core-3.3.1.RELEASE.jar:3.3.1.RELEASE]
		at reactor.core.publisher.FluxConcatMap$ConcatMapInner.onNext(FluxConcatMap.java:851) [reactor-core-3.3.1.RELEASE.jar:3.3.1.RELEASE]
		at reactor.core.publisher.FluxMapFuseable$MapFuseableSubscriber.onNext(FluxMapFuseable.java:121) [reactor-core-3.3.1.RELEASE.jar:3.3.1.RELEASE]
		at reactor.core.publisher.MonoPeekTerminal$MonoTerminalPeekSubscriber.onNext(MonoPeekTerminal.java:173) [reactor-core-3.3.1.RELEASE.jar:3.3.1.RELEASE]
		at reactor.core.publisher.Operators$ScalarSubscription.request(Operators.java:2186) [reactor-core-3.3.1.RELEASE.jar:3.3.1.RELEASE]
		at reactor.core.publisher.MonoPeekTerminal$MonoTerminalPeekSubscriber.request(MonoPeekTerminal.java:132) [reactor-core-3.3.1.RELEASE.jar:3.3.1.RELEASE]
		at reactor.core.publisher.FluxMapFuseable$MapFuseableSubscriber.request(FluxMapFuseable.java:162) [reactor-core-3.3.1.RELEASE.jar:3.3.1.RELEASE]
		at reactor.core.publisher.Operators$MultiSubscriptionSubscriber.set(Operators.java:1994) [reactor-core-3.3.1.RELEASE.jar:3.3.1.RELEASE]
		at reactor.core.publisher.Operators$MultiSubscriptionSubscriber.onSubscribe(Operators.java:1868) [reactor-core-3.3.1.RELEASE.jar:3.3.1.RELEASE]
		at reactor.core.publisher.FluxMapFuseable$MapFuseableSubscriber.onSubscribe(FluxMapFuseable.java:90) [reactor-core-3.3.1.RELEASE.jar:3.3.1.RELEASE]
		at reactor.core.publisher.MonoPeekTerminal$MonoTerminalPeekSubscriber.onSubscribe(MonoPeekTerminal.java:145) [reactor-core-3.3.1.RELEASE.jar:3.3.1.RELEASE]
		at reactor.core.publisher.MonoJust.subscribe(MonoJust.java:54) [reactor-core-3.3.1.RELEASE.jar:3.3.1.RELEASE]
		at reactor.core.publisher.Mono.subscribe(Mono.java:4105) [reactor-core-3.3.1.RELEASE.jar:3.3.1.RELEASE]
		at reactor.core.publisher.FluxConcatMap$ConcatMapImmediate.drain(FluxConcatMap.java:441) [reactor-core-3.3.1.RELEASE.jar:3.3.1.RELEASE]
		at reactor.core.publisher.FluxConcatMap$ConcatMapImmediate.onSubscribe(FluxConcatMap.java:211) [reactor-core-3.3.1.RELEASE.jar:3.3.1.RELEASE]
		at reactor.core.publisher.FluxIterable.subscribe(FluxIterable.java:139) [reactor-core-3.3.1.RELEASE.jar:3.3.1.RELEASE]
		at reactor.core.publisher.FluxIterable.subscribe(FluxIterable.java:63) [reactor-core-3.3.1.RELEASE.jar:3.3.1.RELEASE]
		at reactor.core.publisher.InternalMonoOperator.subscribe(InternalMonoOperator.java:55) [reactor-core-3.3.1.RELEASE.jar:3.3.1.RELEASE]
		at reactor.core.publisher.MonoDefer.subscribe(MonoDefer.java:52) [reactor-core-3.3.1.RELEASE.jar:3.3.1.RELEASE]
		at reactor.core.publisher.InternalMonoOperator.subscribe(InternalMonoOperator.java:55) [reactor-core-3.3.1.RELEASE.jar:3.3.1.RELEASE]
		at reactor.core.publisher.MonoDefer.subscribe(MonoDefer.java:52) [reactor-core-3.3.1.RELEASE.jar:3.3.1.RELEASE]
		at reactor.core.publisher.InternalMonoOperator.subscribe(InternalMonoOperator.java:55) [reactor-core-3.3.1.RELEASE.jar:3.3.1.RELEASE]
		at reactor.core.publisher.MonoDefer.subscribe(MonoDefer.java:52) [reactor-core-3.3.1.RELEASE.jar:3.3.1.RELEASE]
		at reactor.core.publisher.InternalMonoOperator.subscribe(InternalMonoOperator.java:55) [reactor-core-3.3.1.RELEASE.jar:3.3.1.RELEASE]
		at reactor.core.publisher.MonoDefer.subscribe(MonoDefer.java:52) [reactor-core-3.3.1.RELEASE.jar:3.3.1.RELEASE]
		at reactor.core.publisher.Mono.subscribe(Mono.java:4105) [reactor-core-3.3.1.RELEASE.jar:3.3.1.RELEASE]
		at reactor.core.publisher.MonoIgnoreThen$ThenIgnoreMain.drain(MonoIgnoreThen.java:172) [reactor-core-3.3.1.RELEASE.jar:3.3.1.RELEASE]
		at reactor.core.publisher.MonoIgnoreThen.subscribe(MonoIgnoreThen.java:56) [reactor-core-3.3.1.RELEASE.jar:3.3.1.RELEASE]
		at reactor.core.publisher.InternalMonoOperator.subscribe(InternalMonoOperator.java:55) [reactor-core-3.3.1.RELEASE.jar:3.3.1.RELEASE]
		at reactor.netty.http.server.HttpServerHandle.onStateChange(HttpServerHandle.java:64) [reactor-netty-0.9.2.RELEASE.jar:0.9.2.RELEASE]
		at reactor.netty.tcp.TcpServerBind$ChildObserver.onStateChange(TcpServerBind.java:226) [reactor-netty-0.9.2.RELEASE.jar:0.9.2.RELEASE]
		at reactor.netty.http.server.HttpServerOperations.onInboundNext(HttpServerOperations.java:441) [reactor-netty-0.9.2.RELEASE.jar:0.9.2.RELEASE]
		at reactor.netty.channel.ChannelOperationsHandler.channelRead(ChannelOperationsHandler.java:89) [reactor-netty-0.9.2.RELEASE.jar:0.9.2.RELEASE]
		at io.netty.channel.AbstractChannelHandlerContext.invokeChannelRead(AbstractChannelHandlerContext.java:374) [netty-transport-4.1.43.Final.jar:4.1.43.Final]
		at io.netty.channel.AbstractChannelHandlerContext.invokeChannelRead(AbstractChannelHandlerContext.java:360) [netty-transport-4.1.43.Final.jar:4.1.43.Final]
		at io.netty.channel.AbstractChannelHandlerContext.fireChannelRead(AbstractChannelHandlerContext.java:352) [netty-transport-4.1.43.Final.jar:4.1.43.Final]
		at reactor.netty.http.server.HttpTrafficHandler.channelRead(HttpTrafficHandler.java:167) [reactor-netty-0.9.2.RELEASE.jar:0.9.2.RELEASE]
		at io.netty.channel.AbstractChannelHandlerContext.invokeChannelRead(AbstractChannelHandlerContext.java:374) [netty-transport-4.1.43.Final.jar:4.1.43.Final]
		at io.netty.channel.AbstractChannelHandlerContext.invokeChannelRead(AbstractChannelHandlerContext.java:360) [netty-transport-4.1.43.Final.jar:4.1.43.Final]
		at io.netty.channel.AbstractChannelHandlerContext.fireChannelRead(AbstractChannelHandlerContext.java:352) [netty-transport-4.1.43.Final.jar:4.1.43.Final]
		at io.netty.channel.CombinedChannelDuplexHandler$DelegatingChannelHandlerContext.fireChannelRead(CombinedChannelDuplexHandler.java:438) [netty-transport-4.1.43.Final.jar:4.1.43.Final]
		at io.netty.handler.codec.ByteToMessageDecoder.fireChannelRead(ByteToMessageDecoder.java:326) [netty-codec-4.1.43.Final.jar:4.1.43.Final]
		at io.netty.handler.codec.ByteToMessageDecoder.channelRead(ByteToMessageDecoder.java:300) [netty-codec-4.1.43.Final.jar:4.1.43.Final]
		at io.netty.channel.CombinedChannelDuplexHandler.channelRead(CombinedChannelDuplexHandler.java:253) [netty-transport-4.1.43.Final.jar:4.1.43.Final]
		at io.netty.channel.AbstractChannelHandlerContext.invokeChannelRead(AbstractChannelHandlerContext.java:374) [netty-transport-4.1.43.Final.jar:4.1.43.Final]
		at io.netty.channel.AbstractChannelHandlerContext.invokeChannelRead(AbstractChannelHandlerContext.java:360) [netty-transport-4.1.43.Final.jar:4.1.43.Final]
		at io.netty.channel.AbstractChannelHandlerContext.fireChannelRead(AbstractChannelHandlerContext.java:352) [netty-transport-4.1.43.Final.jar:4.1.43.Final]
		at io.netty.channel.DefaultChannelPipeline$HeadContext.channelRead(DefaultChannelPipeline.java:1422) [netty-transport-4.1.43.Final.jar:4.1.43.Final]
		at io.netty.channel.AbstractChannelHandlerContext.invokeChannelRead(AbstractChannelHandlerContext.java:374) [netty-transport-4.1.43.Final.jar:4.1.43.Final]
		at io.netty.channel.AbstractChannelHandlerContext.invokeChannelRead(AbstractChannelHandlerContext.java:360) [netty-transport-4.1.43.Final.jar:4.1.43.Final]
		at io.netty.channel.DefaultChannelPipeline.fireChannelRead(DefaultChannelPipeline.java:931) [netty-transport-4.1.43.Final.jar:4.1.43.Final]
		at io.netty.channel.nio.AbstractNioByteChannel$NioByteUnsafe.read(AbstractNioByteChannel.java:163) [netty-transport-4.1.43.Final.jar:4.1.43.Final]
		at io.netty.channel.nio.NioEventLoop.processSelectedKey(NioEventLoop.java:700) [netty-transport-4.1.43.Final.jar:4.1.43.Final]
		at io.netty.channel.nio.NioEventLoop.processSelectedKeysOptimized(NioEventLoop.java:635) [netty-transport-4.1.43.Final.jar:4.1.43.Final]
		at io.netty.channel.nio.NioEventLoop.processSelectedKeys(NioEventLoop.java:552) [netty-transport-4.1.43.Final.jar:4.1.43.Final]
		at io.netty.channel.nio.NioEventLoop.run(NioEventLoop.java:514) [netty-transport-4.1.43.Final.jar:4.1.43.Final]
		at io.netty.util.concurrent.SingleThreadEventExecutor$6.run(SingleThreadEventExecutor.java:1050) [netty-common-4.1.43.Final.jar:4.1.43.Final]
		at io.netty.util.internal.ThreadExecutorMap$2.run(ThreadExecutorMap.java:74) [netty-common-4.1.43.Final.jar:4.1.43.Final]
		at io.netty.util.concurrent.FastThreadLocalRunnable.run(FastThreadLocalRunnable.java:30) [netty-common-4.1.43.Final.jar:4.1.43.Final]
		at java.lang.Thread.run(Thread.java:748) [?:1.8.0_191]
Caused by: java.net.URISyntaxException: Illegal character in hostname at index 27: lb://SERVICE-PROVIDER123234讓345
	at java.net.URI$Parser.fail(URI.java:2848) ~[?:1.8.0_191]
	at java.net.URI$Parser.parseHostname(URI.java:3387) ~[?:1.8.0_191]
	at java.net.URI$Parser.parseServer(URI.java:3236) ~[?:1.8.0_191]
	at java.net.URI$Parser.parseAuthority(URI.java:3155) ~[?:1.8.0_191]
	at java.net.URI$Parser.parseHierarchical(URI.java:3097) ~[?:1.8.0_191]
	at java.net.URI$Parser.parse(URI.java:3053) ~[?:1.8.0_191]
	at java.net.URI.<init>(URI.java:673) ~[?:1.8.0_191]
	at org.springframework.web.util.HierarchicalUriComponents.toUri(HierarchicalUriComponents.java:512) ~[spring-web-5.2.2.RELEASE.jar:5.2.2.RELEASE]
	at com.gettop.gateway.common.handler.GatewayServiceHandler.lambda$loadRouteConfig$0(GatewayServiceHandler.java:62) ~[classes/:?]
	at java.util.ArrayList.forEach(ArrayList.java:1257) ~[?:1.8.0_191]
	at com.gettop.gateway.common.handler.GatewayServiceHandler.loadRouteConfig(GatewayServiceHandler.java:49) ~[classes/:?]
	at com.gettop.gateway.business.controller.RouteController.refresh(RouteController.java:29) ~[classes/:?]
	at sun.reflect.NativeMethodAccessorImpl.invoke0(Native Method) ~[?:1.8.0_191]
	at sun.reflect.NativeMethodAccessorImpl.invoke(NativeMethodAccessorImpl.java:62) ~[?:1.8.0_191]
	at sun.reflect.DelegatingMethodAccessorImpl.invoke(DelegatingMethodAccessorImpl.java:43) ~[?:1.8.0_191]
	at java.lang.reflect.Method.invoke(Method.java:498) ~[?:1.8.0_191]
	at org.springframework.web.reactive.result.method.InvocableHandlerMethod.lambda$invoke$0(InvocableHandlerMethod.java:147) ~[spring-webflux-5.2.2.RELEASE.jar:5.2.2.RELEASE]
	at reactor.core.publisher.FluxFlatMap.trySubscribeScalarMap(FluxFlatMap.java:151) [reactor-core-3.3.1.RELEASE.jar:3.3.1.RELEASE]
	at reactor.core.publisher.MonoFlatMap.subscribeOrReturn(MonoFlatMap.java:53) [reactor-core-3.3.1.RELEASE.jar:3.3.1.RELEASE]
	at reactor.core.publisher.InternalMonoOperator.subscribe(InternalMonoOperator.java:48) [reactor-core-3.3.1.RELEASE.jar:3.3.1.RELEASE]
	at reactor.core.publisher.MonoDefer.subscribe(MonoDefer.java:52) [reactor-core-3.3.1.RELEASE.jar:3.3.1.RELEASE]
	at reactor.core.publisher.MonoIgnoreThen$ThenIgnoreMain.drain(MonoIgnoreThen.java:153) [reactor-core-3.3.1.RELEASE.jar:3.3.1.RELEASE]
	at reactor.core.publisher.MonoIgnoreThen.subscribe(MonoIgnoreThen.java:56) [reactor-core-3.3.1.RELEASE.jar:3.3.1.RELEASE]
	at reactor.core.publisher.InternalMonoOperator.subscribe(InternalMonoOperator.java:55) [reactor-core-3.3.1.RELEASE.jar:3.3.1.RELEASE]
	at reactor.core.publisher.MonoFlatMap$FlatMapMain.onNext(MonoFlatMap.java:150) [reactor-core-3.3.1.RELEASE.jar:3.3.1.RELEASE]
	at reactor.core.publisher.FluxSwitchIfEmpty$SwitchIfEmptySubscriber.onNext(FluxSwitchIfEmpty.java:67) [reactor-core-3.3.1.RELEASE.jar:3.3.1.RELEASE]
	at reactor.core.publisher.MonoNext$NextSubscriber.onNext(MonoNext.java:76) [reactor-core-3.3.1.RELEASE.jar:3.3.1.RELEASE]
	at reactor.core.publisher.FluxConcatMap$ConcatMapImmediate.innerNext(FluxConcatMap.java:274) [reactor-core-3.3.1.RELEASE.jar:3.3.1.RELEASE]
	at reactor.core.publisher.FluxConcatMap$ConcatMapInner.onNext(FluxConcatMap.java:851) [reactor-core-3.3.1.RELEASE.jar:3.3.1.RELEASE]
	at reactor.core.publisher.FluxMapFuseable$MapFuseableSubscriber.onNext(FluxMapFuseable.java:121) [reactor-core-3.3.1.RELEASE.jar:3.3.1.RELEASE]
	at reactor.core.publisher.MonoPeekTerminal$MonoTerminalPeekSubscriber.onNext(MonoPeekTerminal.java:173) [reactor-core-3.3.1.RELEASE.jar:3.3.1.RELEASE]
	at reactor.core.publisher.Operators$ScalarSubscription.request(Operators.java:2186) [reactor-core-3.3.1.RELEASE.jar:3.3.1.RELEASE]
	at reactor.core.publisher.MonoPeekTerminal$MonoTerminalPeekSubscriber.request(MonoPeekTerminal.java:132) [reactor-core-3.3.1.RELEASE.jar:3.3.1.RELEASE]
	at reactor.core.publisher.FluxMapFuseable$MapFuseableSubscriber.request(FluxMapFuseable.java:162) [reactor-core-3.3.1.RELEASE.jar:3.3.1.RELEASE]
	at reactor.core.publisher.Operators$MultiSubscriptionSubscriber.set(Operators.java:1994) [reactor-core-3.3.1.RELEASE.jar:3.3.1.RELEASE]
	at reactor.core.publisher.Operators$MultiSubscriptionSubscriber.onSubscribe(Operators.java:1868) [reactor-core-3.3.1.RELEASE.jar:3.3.1.RELEASE]
	at reactor.core.publisher.FluxMapFuseable$MapFuseableSubscriber.onSubscribe(FluxMapFuseable.java:90) [reactor-core-3.3.1.RELEASE.jar:3.3.1.RELEASE]
	at reactor.core.publisher.MonoPeekTerminal$MonoTerminalPeekSubscriber.onSubscribe(MonoPeekTerminal.java:145) [reactor-core-3.3.1.RELEASE.jar:3.3.1.RELEASE]
	at reactor.core.publisher.MonoJust.subscribe(MonoJust.java:54) [reactor-core-3.3.1.RELEASE.jar:3.3.1.RELEASE]
	at reactor.core.publisher.Mono.subscribe(Mono.java:4105) [reactor-core-3.3.1.RELEASE.jar:3.3.1.RELEASE]
	at reactor.core.publisher.FluxConcatMap$ConcatMapImmediate.drain(FluxConcatMap.java:441) [reactor-core-3.3.1.RELEASE.jar:3.3.1.RELEASE]
	at reactor.core.publisher.FluxConcatMap$ConcatMapImmediate.onSubscribe(FluxConcatMap.java:211) [reactor-core-3.3.1.RELEASE.jar:3.3.1.RELEASE]
	at reactor.core.publisher.FluxIterable.subscribe(FluxIterable.java:139) [reactor-core-3.3.1.RELEASE.jar:3.3.1.RELEASE]
	at reactor.core.publisher.FluxIterable.subscribe(FluxIterable.java:63) [reactor-core-3.3.1.RELEASE.jar:3.3.1.RELEASE]
	at reactor.core.publisher.InternalMonoOperator.subscribe(InternalMonoOperator.java:55) [reactor-core-3.3.1.RELEASE.jar:3.3.1.RELEASE]
	at reactor.core.publisher.MonoDefer.subscribe(MonoDefer.java:52) [reactor-core-3.3.1.RELEASE.jar:3.3.1.RELEASE]
	at reactor.core.publisher.InternalMonoOperator.subscribe(InternalMonoOperator.java:55) [reactor-core-3.3.1.RELEASE.jar:3.3.1.RELEASE]
	at reactor.core.publisher.MonoDefer.subscribe(MonoDefer.java:52) [reactor-core-3.3.1.RELEASE.jar:3.3.1.RELEASE]
	at reactor.core.publisher.InternalMonoOperator.subscribe(InternalMonoOperator.java:55) [reactor-core-3.3.1.RELEASE.jar:3.3.1.RELEASE]
	at reactor.core.publisher.MonoDefer.subscribe(MonoDefer.java:52) [reactor-core-3.3.1.RELEASE.jar:3.3.1.RELEASE]
	at reactor.core.publisher.InternalMonoOperator.subscribe(InternalMonoOperator.java:55) [reactor-core-3.3.1.RELEASE.jar:3.3.1.RELEASE]
	at reactor.core.publisher.MonoDefer.subscribe(MonoDefer.java:52) [reactor-core-3.3.1.RELEASE.jar:3.3.1.RELEASE]
	at reactor.core.publisher.Mono.subscribe(Mono.java:4105) [reactor-core-3.3.1.RELEASE.jar:3.3.1.RELEASE]
	at reactor.core.publisher.MonoIgnoreThen$ThenIgnoreMain.drain(MonoIgnoreThen.java:172) [reactor-core-3.3.1.RELEASE.jar:3.3.1.RELEASE]
	at reactor.core.publisher.MonoIgnoreThen.subscribe(MonoIgnoreThen.java:56) [reactor-core-3.3.1.RELEASE.jar:3.3.1.RELEASE]
	at reactor.core.publisher.InternalMonoOperator.subscribe(InternalMonoOperator.java:55) [reactor-core-3.3.1.RELEASE.jar:3.3.1.RELEASE]
	at reactor.netty.http.server.HttpServerHandle.onStateChange(HttpServerHandle.java:64) [reactor-netty-0.9.2.RELEASE.jar:0.9.2.RELEASE]
	at reactor.netty.tcp.TcpServerBind$ChildObserver.onStateChange(TcpServerBind.java:226) [reactor-netty-0.9.2.RELEASE.jar:0.9.2.RELEASE]
	at reactor.netty.http.server.HttpServerOperations.onInboundNext(HttpServerOperations.java:441) [reactor-netty-0.9.2.RELEASE.jar:0.9.2.RELEASE]
	at reactor.netty.channel.ChannelOperationsHandler.channelRead(ChannelOperationsHandler.java:89) [reactor-netty-0.9.2.RELEASE.jar:0.9.2.RELEASE]
	at io.netty.channel.AbstractChannelHandlerContext.invokeChannelRead(AbstractChannelHandlerContext.java:374) [netty-transport-4.1.43.Final.jar:4.1.43.Final]
	at io.netty.channel.AbstractChannelHandlerContext.invokeChannelRead(AbstractChannelHandlerContext.java:360) [netty-transport-4.1.43.Final.jar:4.1.43.Final]
	at io.netty.channel.AbstractChannelHandlerContext.fireChannelRead(AbstractChannelHandlerContext.java:352) [netty-transport-4.1.43.Final.jar:4.1.43.Final]
	at reactor.netty.http.server.HttpTrafficHandler.channelRead(HttpTrafficHandler.java:167) [reactor-netty-0.9.2.RELEASE.jar:0.9.2.RELEASE]
	at io.netty.channel.AbstractChannelHandlerContext.invokeChannelRead(AbstractChannelHandlerContext.java:374) [netty-transport-4.1.43.Final.jar:4.1.43.Final]
	at io.netty.channel.AbstractChannelHandlerContext.invokeChannelRead(AbstractChannelHandlerContext.java:360) [netty-transport-4.1.43.Final.jar:4.1.43.Final]
	at io.netty.channel.AbstractChannelHandlerContext.fireChannelRead(AbstractChannelHandlerContext.java:352) [netty-transport-4.1.43.Final.jar:4.1.43.Final]
	at io.netty.channel.CombinedChannelDuplexHandler$DelegatingChannelHandlerContext.fireChannelRead(CombinedChannelDuplexHandler.java:438) [netty-transport-4.1.43.Final.jar:4.1.43.Final]
	at io.netty.handler.codec.ByteToMessageDecoder.fireChannelRead(ByteToMessageDecoder.java:326) [netty-codec-4.1.43.Final.jar:4.1.43.Final]
	at io.netty.handler.codec.ByteToMessageDecoder.channelRead(ByteToMessageDecoder.java:300) [netty-codec-4.1.43.Final.jar:4.1.43.Final]
	at io.netty.channel.CombinedChannelDuplexHandler.channelRead(CombinedChannelDuplexHandler.java:253) [netty-transport-4.1.43.Final.jar:4.1.43.Final]
	at io.netty.channel.AbstractChannelHandlerContext.invokeChannelRead(AbstractChannelHandlerContext.java:374) [netty-transport-4.1.43.Final.jar:4.1.43.Final]
	at io.netty.channel.AbstractChannelHandlerContext.invokeChannelRead(AbstractChannelHandlerContext.java:360) [netty-transport-4.1.43.Final.jar:4.1.43.Final]
	at io.netty.channel.AbstractChannelHandlerContext.fireChannelRead(AbstractChannelHandlerContext.java:352) [netty-transport-4.1.43.Final.jar:4.1.43.Final]
	at io.netty.channel.DefaultChannelPipeline$HeadContext.channelRead(DefaultChannelPipeline.java:1422) [netty-transport-4.1.43.Final.jar:4.1.43.Final]
	at io.netty.channel.AbstractChannelHandlerContext.invokeChannelRead(AbstractChannelHandlerContext.java:374) [netty-transport-4.1.43.Final.jar:4.1.43.Final]
	at io.netty.channel.AbstractChannelHandlerContext.invokeChannelRead(AbstractChannelHandlerContext.java:360) [netty-transport-4.1.43.Final.jar:4.1.43.Final]
	at io.netty.channel.DefaultChannelPipeline.fireChannelRead(DefaultChannelPipeline.java:931) [netty-transport-4.1.43.Final.jar:4.1.43.Final]
	at io.netty.channel.nio.AbstractNioByteChannel$NioByteUnsafe.read(AbstractNioByteChannel.java:163) [netty-transport-4.1.43.Final.jar:4.1.43.Final]
	at io.netty.channel.nio.NioEventLoop.processSelectedKey(NioEventLoop.java:700) [netty-transport-4.1.43.Final.jar:4.1.43.Final]
	at io.netty.channel.nio.NioEventLoop.processSelectedKeysOptimized(NioEventLoop.java:635) [netty-transport-4.1.43.Final.jar:4.1.43.Final]
	at io.netty.channel.nio.NioEventLoop.processSelectedKeys(NioEventLoop.java:552) [netty-transport-4.1.43.Final.jar:4.1.43.Final]
	at io.netty.channel.nio.NioEventLoop.run(NioEventLoop.java:514) [netty-transport-4.1.43.Final.jar:4.1.43.Final]
	at io.netty.util.concurrent.SingleThreadEventExecutor$6.run(SingleThreadEventExecutor.java:1050) [netty-common-4.1.43.Final.jar:4.1.43.Final]
	at io.netty.util.internal.ThreadExecutorMap$2.run(ThreadExecutorMap.java:74) [netty-common-4.1.43.Final.jar:4.1.43.Final]
	at io.netty.util.concurrent.FastThreadLocalRunnable.run(FastThreadLocalRunnable.java:30) [netty-common-4.1.43.Final.jar:4.1.43.Final]
	at java.lang.Thread.run(Thread.java:748) [?:1.8.0_191]
2019-12-11 13:10:49.639 -ERROR  [tbeatExecutor-0] .d.RedirectingEurekaHttpClient : Request execution error. endpoint=DefaultEndpoint{ serviceUrl='http://localhost:8761/eureka/}
com.sun.jersey.api.client.ClientHandlerException: org.apache.http.NoHttpResponseException: localhost:8761 failed to respond
	at com.sun.jersey.client.apache4.ApacheHttpClient4Handler.handle(ApacheHttpClient4Handler.java:187) ~[jersey-apache-client4-1.19.1.jar:1.19.1]
	at com.sun.jersey.api.client.filter.GZIPContentEncodingFilter.handle(GZIPContentEncodingFilter.java:123) ~[jersey-client-1.19.1.jar:1.19.1]
	at com.netflix.discovery.EurekaIdentityHeaderFilter.handle(EurekaIdentityHeaderFilter.java:27) ~[eureka-client-1.9.13.jar:1.9.13]
	at com.sun.jersey.api.client.Client.handle(Client.java:652) ~[jersey-client-1.19.1.jar:1.19.1]
	at com.sun.jersey.api.client.WebResource.handle(WebResource.java:682) ~[jersey-client-1.19.1.jar:1.19.1]
	at com.sun.jersey.api.client.WebResource.access$200(WebResource.java:74) ~[jersey-client-1.19.1.jar:1.19.1]
	at com.sun.jersey.api.client.WebResource$Builder.put(WebResource.java:529) ~[jersey-client-1.19.1.jar:1.19.1]
	at com.netflix.discovery.shared.transport.jersey.AbstractJerseyEurekaHttpClient.sendHeartBeat(AbstractJerseyEurekaHttpClient.java:102) ~[eureka-client-1.9.13.jar:1.9.13]
	at com.netflix.discovery.shared.transport.decorator.EurekaHttpClientDecorator$3.execute(EurekaHttpClientDecorator.java:92) ~[eureka-client-1.9.13.jar:1.9.13]
	at com.netflix.discovery.shared.transport.decorator.MetricsCollectingEurekaHttpClient.execute(MetricsCollectingEurekaHttpClient.java:73) ~[eureka-client-1.9.13.jar:1.9.13]
	at com.netflix.discovery.shared.transport.decorator.EurekaHttpClientDecorator.sendHeartBeat(EurekaHttpClientDecorator.java:89) ~[eureka-client-1.9.13.jar:1.9.13]
	at com.netflix.discovery.shared.transport.decorator.EurekaHttpClientDecorator$3.execute(EurekaHttpClientDecorator.java:92) ~[eureka-client-1.9.13.jar:1.9.13]
	at com.netflix.discovery.shared.transport.decorator.RedirectingEurekaHttpClient.execute(RedirectingEurekaHttpClient.java:89) [eureka-client-1.9.13.jar:1.9.13]
	at com.netflix.discovery.shared.transport.decorator.EurekaHttpClientDecorator.sendHeartBeat(EurekaHttpClientDecorator.java:89) [eureka-client-1.9.13.jar:1.9.13]
	at com.netflix.discovery.shared.transport.decorator.EurekaHttpClientDecorator$3.execute(EurekaHttpClientDecorator.java:92) [eureka-client-1.9.13.jar:1.9.13]
	at com.netflix.discovery.shared.transport.decorator.RetryableEurekaHttpClient.execute(RetryableEurekaHttpClient.java:120) [eureka-client-1.9.13.jar:1.9.13]
	at com.netflix.discovery.shared.transport.decorator.EurekaHttpClientDecorator.sendHeartBeat(EurekaHttpClientDecorator.java:89) [eureka-client-1.9.13.jar:1.9.13]
	at com.netflix.discovery.shared.transport.decorator.EurekaHttpClientDecorator$3.execute(EurekaHttpClientDecorator.java:92) [eureka-client-1.9.13.jar:1.9.13]
	at com.netflix.discovery.shared.transport.decorator.SessionedEurekaHttpClient.execute(SessionedEurekaHttpClient.java:77) [eureka-client-1.9.13.jar:1.9.13]
	at com.netflix.discovery.shared.transport.decorator.EurekaHttpClientDecorator.sendHeartBeat(EurekaHttpClientDecorator.java:89) [eureka-client-1.9.13.jar:1.9.13]
	at com.netflix.discovery.DiscoveryClient.renew(DiscoveryClient.java:864) [eureka-client-1.9.13.jar:1.9.13]
	at com.netflix.discovery.DiscoveryClient$HeartbeatThread.run(DiscoveryClient.java:1423) [eureka-client-1.9.13.jar:1.9.13]
	at java.util.concurrent.Executors$RunnableAdapter.call(Executors.java:511) [?:1.8.0_191]
	at java.util.concurrent.FutureTask.run$$$capture(FutureTask.java:266) [?:1.8.0_191]
	at java.util.concurrent.FutureTask.run(FutureTask.java) [?:1.8.0_191]
	at java.util.concurrent.ThreadPoolExecutor.runWorker(ThreadPoolExecutor.java:1149) [?:1.8.0_191]
	at java.util.concurrent.ThreadPoolExecutor$Worker.run(ThreadPoolExecutor.java:624) [?:1.8.0_191]
	at java.lang.Thread.run(Thread.java:748) [?:1.8.0_191]
Caused by: org.apache.http.NoHttpResponseException: localhost:8761 failed to respond
	at org.apache.http.impl.conn.DefaultHttpResponseParser.parseHead(DefaultHttpResponseParser.java:141) ~[httpclient-4.5.10.jar:4.5.10]
	at org.apache.http.impl.conn.DefaultHttpResponseParser.parseHead(DefaultHttpResponseParser.java:56) ~[httpclient-4.5.10.jar:4.5.10]
	at org.apache.http.impl.io.AbstractMessageParser.parse(AbstractMessageParser.java:259) ~[httpcore-4.4.12.jar:4.4.12]
	at org.apache.http.impl.AbstractHttpClientConnection.receiveResponseHeader(AbstractHttpClientConnection.java:294) ~[httpcore-4.4.12.jar:4.4.12]
	at org.apache.http.impl.conn.DefaultClientConnection.receiveResponseHeader(DefaultClientConnection.java:257) ~[httpclient-4.5.10.jar:4.5.10]
	at org.apache.http.impl.conn.AbstractClientConnAdapter.receiveResponseHeader(AbstractClientConnAdapter.java:230) ~[httpclient-4.5.10.jar:4.5.10]
	at org.apache.http.protocol.HttpRequestExecutor.doReceiveResponse(HttpRequestExecutor.java:273) ~[httpcore-4.4.12.jar:4.4.12]
	at org.apache.http.protocol.HttpRequestExecutor.execute(HttpRequestExecutor.java:125) ~[httpcore-4.4.12.jar:4.4.12]
	at org.apache.http.impl.client.DefaultRequestDirector.tryExecute(DefaultRequestDirector.java:679) ~[httpclient-4.5.10.jar:4.5.10]
	at org.apache.http.impl.client.DefaultRequestDirector.execute(DefaultRequestDirector.java:481) ~[httpclient-4.5.10.jar:4.5.10]
	at org.apache.http.impl.client.AbstractHttpClient.doExecute(AbstractHttpClient.java:835) ~[httpclient-4.5.10.jar:4.5.10]
	at org.apache.http.impl.client.CloseableHttpClient.execute(CloseableHttpClient.java:118) ~[httpclient-4.5.10.jar:4.5.10]
	at org.apache.http.impl.client.CloseableHttpClient.execute(CloseableHttpClient.java:56) ~[httpclient-4.5.10.jar:4.5.10]
	at com.sun.jersey.client.apache4.ApacheHttpClient4Handler.handle(ApacheHttpClient4Handler.java:173) ~[jersey-apache-client4-1.19.1.jar:1.19.1]
	... 27 more
2019-12-11 13:10:51.688 -ERROR  [tbeatExecutor-0] .d.RedirectingEurekaHttpClient : Request execution error. endpoint=DefaultEndpoint{ serviceUrl='http://localhost:8761/eureka/}
com.sun.jersey.api.client.ClientHandlerException: java.net.ConnectException: Connection refused: connect
	at com.sun.jersey.client.apache4.ApacheHttpClient4Handler.handle(ApacheHttpClient4Handler.java:187) ~[jersey-apache-client4-1.19.1.jar:1.19.1]
	at com.sun.jersey.api.client.filter.GZIPContentEncodingFilter.handle(GZIPContentEncodingFilter.java:123) ~[jersey-client-1.19.1.jar:1.19.1]
	at com.netflix.discovery.EurekaIdentityHeaderFilter.handle(EurekaIdentityHeaderFilter.java:27) ~[eureka-client-1.9.13.jar:1.9.13]
	at com.sun.jersey.api.client.Client.handle(Client.java:652) ~[jersey-client-1.19.1.jar:1.19.1]
	at com.sun.jersey.api.client.WebResource.handle(WebResource.java:682) ~[jersey-client-1.19.1.jar:1.19.1]
	at com.sun.jersey.api.client.WebResource.access$200(WebResource.java:74) ~[jersey-client-1.19.1.jar:1.19.1]
	at com.sun.jersey.api.client.WebResource$Builder.put(WebResource.java:529) ~[jersey-client-1.19.1.jar:1.19.1]
	at com.netflix.discovery.shared.transport.jersey.AbstractJerseyEurekaHttpClient.sendHeartBeat(AbstractJerseyEurekaHttpClient.java:102) ~[eureka-client-1.9.13.jar:1.9.13]
	at com.netflix.discovery.shared.transport.decorator.EurekaHttpClientDecorator$3.execute(EurekaHttpClientDecorator.java:92) ~[eureka-client-1.9.13.jar:1.9.13]
	at com.netflix.discovery.shared.transport.decorator.MetricsCollectingEurekaHttpClient.execute(MetricsCollectingEurekaHttpClient.java:73) ~[eureka-client-1.9.13.jar:1.9.13]
	at com.netflix.discovery.shared.transport.decorator.EurekaHttpClientDecorator.sendHeartBeat(EurekaHttpClientDecorator.java:89) ~[eureka-client-1.9.13.jar:1.9.13]
	at com.netflix.discovery.shared.transport.decorator.EurekaHttpClientDecorator$3.execute(EurekaHttpClientDecorator.java:92) ~[eureka-client-1.9.13.jar:1.9.13]
	at com.netflix.discovery.shared.transport.decorator.RedirectingEurekaHttpClient.executeOnNewServer(RedirectingEurekaHttpClient.java:118) ~[eureka-client-1.9.13.jar:1.9.13]
	at com.netflix.discovery.shared.transport.decorator.RedirectingEurekaHttpClient.execute(RedirectingEurekaHttpClient.java:79) [eureka-client-1.9.13.jar:1.9.13]
	at com.netflix.discovery.shared.transport.decorator.EurekaHttpClientDecorator.sendHeartBeat(EurekaHttpClientDecorator.java:89) [eureka-client-1.9.13.jar:1.9.13]
	at com.netflix.discovery.shared.transport.decorator.EurekaHttpClientDecorator$3.execute(EurekaHttpClientDecorator.java:92) [eureka-client-1.9.13.jar:1.9.13]
	at com.netflix.discovery.shared.transport.decorator.RetryableEurekaHttpClient.execute(RetryableEurekaHttpClient.java:120) [eureka-client-1.9.13.jar:1.9.13]
	at com.netflix.discovery.shared.transport.decorator.EurekaHttpClientDecorator.sendHeartBeat(EurekaHttpClientDecorator.java:89) [eureka-client-1.9.13.jar:1.9.13]
	at com.netflix.discovery.shared.transport.decorator.EurekaHttpClientDecorator$3.execute(EurekaHttpClientDecorator.java:92) [eureka-client-1.9.13.jar:1.9.13]
	at com.netflix.discovery.shared.transport.decorator.SessionedEurekaHttpClient.execute(SessionedEurekaHttpClient.java:77) [eureka-client-1.9.13.jar:1.9.13]
	at com.netflix.discovery.shared.transport.decorator.EurekaHttpClientDecorator.sendHeartBeat(EurekaHttpClientDecorator.java:89) [eureka-client-1.9.13.jar:1.9.13]
	at com.netflix.discovery.DiscoveryClient.renew(DiscoveryClient.java:864) [eureka-client-1.9.13.jar:1.9.13]
	at com.netflix.discovery.DiscoveryClient$HeartbeatThread.run(DiscoveryClient.java:1423) [eureka-client-1.9.13.jar:1.9.13]
	at java.util.concurrent.Executors$RunnableAdapter.call(Executors.java:511) [?:1.8.0_191]
	at java.util.concurrent.FutureTask.run$$$capture(FutureTask.java:266) [?:1.8.0_191]
	at java.util.concurrent.FutureTask.run(FutureTask.java) [?:1.8.0_191]
	at java.util.concurrent.ThreadPoolExecutor.runWorker(ThreadPoolExecutor.java:1149) [?:1.8.0_191]
	at java.util.concurrent.ThreadPoolExecutor$Worker.run(ThreadPoolExecutor.java:624) [?:1.8.0_191]
	at java.lang.Thread.run(Thread.java:748) [?:1.8.0_191]
Caused by: java.net.ConnectException: Connection refused: connect
	at java.net.DualStackPlainSocketImpl.waitForConnect(Native Method) ~[?:1.8.0_191]
	at java.net.DualStackPlainSocketImpl.socketConnect(DualStackPlainSocketImpl.java:85) ~[?:1.8.0_191]
	at java.net.AbstractPlainSocketImpl.doConnect(AbstractPlainSocketImpl.java:350) ~[?:1.8.0_191]
	at java.net.AbstractPlainSocketImpl.connectToAddress(AbstractPlainSocketImpl.java:206) ~[?:1.8.0_191]
	at java.net.AbstractPlainSocketImpl.connect(AbstractPlainSocketImpl.java:188) ~[?:1.8.0_191]
	at java.net.PlainSocketImpl.connect(PlainSocketImpl.java:172) ~[?:1.8.0_191]
	at java.net.SocksSocketImpl.connect(SocksSocketImpl.java:392) ~[?:1.8.0_191]
	at java.net.Socket.connect(Socket.java:589) ~[?:1.8.0_191]
	at org.apache.http.conn.scheme.PlainSocketFactory.connectSocket(PlainSocketFactory.java:121) ~[httpclient-4.5.10.jar:4.5.10]
	at org.apache.http.impl.conn.DefaultClientConnectionOperator.openConnection(DefaultClientConnectionOperator.java:180) ~[httpclient-4.5.10.jar:4.5.10]
	at org.apache.http.impl.conn.AbstractPoolEntry.open(AbstractPoolEntry.java:144) ~[httpclient-4.5.10.jar:4.5.10]
	at org.apache.http.impl.conn.AbstractPooledConnAdapter.open(AbstractPooledConnAdapter.java:134) ~[httpclient-4.5.10.jar:4.5.10]
	at org.apache.http.impl.client.DefaultRequestDirector.tryConnect(DefaultRequestDirector.java:605) ~[httpclient-4.5.10.jar:4.5.10]
	at org.apache.http.impl.client.DefaultRequestDirector.execute(DefaultRequestDirector.java:440) ~[httpclient-4.5.10.jar:4.5.10]
	at org.apache.http.impl.client.AbstractHttpClient.doExecute(AbstractHttpClient.java:835) ~[httpclient-4.5.10.jar:4.5.10]
	at org.apache.http.impl.client.CloseableHttpClient.execute(CloseableHttpClient.java:118) ~[httpclient-4.5.10.jar:4.5.10]
	at org.apache.http.impl.client.CloseableHttpClient.execute(CloseableHttpClient.java:56) ~[httpclient-4.5.10.jar:4.5.10]
	at com.sun.jersey.client.apache4.ApacheHttpClient4Handler.handle(ApacheHttpClient4Handler.java:173) ~[jersey-apache-client4-1.19.1.jar:1.19.1]
	... 28 more
2019-12-11 13:10:51.703 -ERROR  [tbeatExecutor-0] c.n.d.DiscoveryClient          : DiscoveryClient_GATEWAY/WFIT6001.gettop.com:gateway:8081 - was unable to send heartbeat!
com.netflix.discovery.shared.transport.TransportException: Cannot execute request on any known server
	at com.netflix.discovery.shared.transport.decorator.RetryableEurekaHttpClient.execute(RetryableEurekaHttpClient.java:112) ~[eureka-client-1.9.13.jar:1.9.13]
	at com.netflix.discovery.shared.transport.decorator.EurekaHttpClientDecorator.sendHeartBeat(EurekaHttpClientDecorator.java:89) ~[eureka-client-1.9.13.jar:1.9.13]
	at com.netflix.discovery.shared.transport.decorator.EurekaHttpClientDecorator$3.execute(EurekaHttpClientDecorator.java:92) ~[eureka-client-1.9.13.jar:1.9.13]
	at com.netflix.discovery.shared.transport.decorator.SessionedEurekaHttpClient.execute(SessionedEurekaHttpClient.java:77) ~[eureka-client-1.9.13.jar:1.9.13]
	at com.netflix.discovery.shared.transport.decorator.EurekaHttpClientDecorator.sendHeartBeat(EurekaHttpClientDecorator.java:89) ~[eureka-client-1.9.13.jar:1.9.13]
	at com.netflix.discovery.DiscoveryClient.renew(DiscoveryClient.java:864) [eureka-client-1.9.13.jar:1.9.13]
	at com.netflix.discovery.DiscoveryClient$HeartbeatThread.run(DiscoveryClient.java:1423) [eureka-client-1.9.13.jar:1.9.13]
	at java.util.concurrent.Executors$RunnableAdapter.call(Executors.java:511) [?:1.8.0_191]
	at java.util.concurrent.FutureTask.run$$$capture(FutureTask.java:266) [?:1.8.0_191]
	at java.util.concurrent.FutureTask.run(FutureTask.java) [?:1.8.0_191]
	at java.util.concurrent.ThreadPoolExecutor.runWorker(ThreadPoolExecutor.java:1149) [?:1.8.0_191]
	at java.util.concurrent.ThreadPoolExecutor$Worker.run(ThreadPoolExecutor.java:624) [?:1.8.0_191]
	at java.lang.Thread.run(Thread.java:748) [?:1.8.0_191]
2019-12-11 13:10:56.704 -ERROR  [freshExecutor-0] .d.RedirectingEurekaHttpClient : Request execution error. endpoint=DefaultEndpoint{ serviceUrl='http://localhost:8761/eureka/}
com.sun.jersey.api.client.ClientHandlerException: java.net.ConnectException: Connection refused: connect
	at com.sun.jersey.client.apache4.ApacheHttpClient4Handler.handle(ApacheHttpClient4Handler.java:187) ~[jersey-apache-client4-1.19.1.jar:1.19.1]
	at com.sun.jersey.api.client.filter.GZIPContentEncodingFilter.handle(GZIPContentEncodingFilter.java:123) ~[jersey-client-1.19.1.jar:1.19.1]
	at com.netflix.discovery.EurekaIdentityHeaderFilter.handle(EurekaIdentityHeaderFilter.java:27) ~[eureka-client-1.9.13.jar:1.9.13]
	at com.sun.jersey.api.client.Client.handle(Client.java:652) ~[jersey-client-1.19.1.jar:1.19.1]
	at com.sun.jersey.api.client.WebResource.handle(WebResource.java:682) ~[jersey-client-1.19.1.jar:1.19.1]
	at com.sun.jersey.api.client.WebResource.access$200(WebResource.java:74) ~[jersey-client-1.19.1.jar:1.19.1]
	at com.sun.jersey.api.client.WebResource$Builder.get(WebResource.java:509) ~[jersey-client-1.19.1.jar:1.19.1]
	at com.netflix.discovery.shared.transport.jersey.AbstractJerseyEurekaHttpClient.getApplicationsInternal(AbstractJerseyEurekaHttpClient.java:194) ~[eureka-client-1.9.13.jar:1.9.13]
	at com.netflix.discovery.shared.transport.jersey.AbstractJerseyEurekaHttpClient.getDelta(AbstractJerseyEurekaHttpClient.java:170) ~[eureka-client-1.9.13.jar:1.9.13]
	at com.netflix.discovery.shared.transport.decorator.EurekaHttpClientDecorator$7.execute(EurekaHttpClientDecorator.java:152) ~[eureka-client-1.9.13.jar:1.9.13]
	at com.netflix.discovery.shared.transport.decorator.MetricsCollectingEurekaHttpClient.execute(MetricsCollectingEurekaHttpClient.java:73) ~[eureka-client-1.9.13.jar:1.9.13]
	at com.netflix.discovery.shared.transport.decorator.EurekaHttpClientDecorator.getDelta(EurekaHttpClientDecorator.java:149) ~[eureka-client-1.9.13.jar:1.9.13]
	at com.netflix.discovery.shared.transport.decorator.EurekaHttpClientDecorator$7.execute(EurekaHttpClientDecorator.java:152) ~[eureka-client-1.9.13.jar:1.9.13]
	at com.netflix.discovery.shared.transport.decorator.RedirectingEurekaHttpClient.execute(RedirectingEurekaHttpClient.java:89) [eureka-client-1.9.13.jar:1.9.13]
	at com.netflix.discovery.shared.transport.decorator.EurekaHttpClientDecorator.getDelta(EurekaHttpClientDecorator.java:149) [eureka-client-1.9.13.jar:1.9.13]
	at com.netflix.discovery.shared.transport.decorator.EurekaHttpClientDecorator$7.execute(EurekaHttpClientDecorator.java:152) [eureka-client-1.9.13.jar:1.9.13]
	at com.netflix.discovery.shared.transport.decorator.RetryableEurekaHttpClient.execute(RetryableEurekaHttpClient.java:120) [eureka-client-1.9.13.jar:1.9.13]
	at com.netflix.discovery.shared.transport.decorator.EurekaHttpClientDecorator.getDelta(EurekaHttpClientDecorator.java:149) [eureka-client-1.9.13.jar:1.9.13]
	at com.netflix.discovery.shared.transport.decorator.EurekaHttpClientDecorator$7.execute(EurekaHttpClientDecorator.java:152) [eureka-client-1.9.13.jar:1.9.13]
	at com.netflix.discovery.shared.transport.decorator.SessionedEurekaHttpClient.execute(SessionedEurekaHttpClient.java:77) [eureka-client-1.9.13.jar:1.9.13]
	at com.netflix.discovery.shared.transport.decorator.EurekaHttpClientDecorator.getDelta(EurekaHttpClientDecorator.java:149) [eureka-client-1.9.13.jar:1.9.13]
	at com.netflix.discovery.DiscoveryClient.getAndUpdateDelta(DiscoveryClient.java:1103) [eureka-client-1.9.13.jar:1.9.13]
	at com.netflix.discovery.DiscoveryClient.fetchRegistry(DiscoveryClient.java:985) [eureka-client-1.9.13.jar:1.9.13]
	at com.netflix.discovery.DiscoveryClient.refreshRegistry(DiscoveryClient.java:1497) [eureka-client-1.9.13.jar:1.9.13]
	at com.netflix.discovery.DiscoveryClient$CacheRefreshThread.run(DiscoveryClient.java:1464) [eureka-client-1.9.13.jar:1.9.13]
	at java.util.concurrent.Executors$RunnableAdapter.call(Executors.java:511) [?:1.8.0_191]
	at java.util.concurrent.FutureTask.run$$$capture(FutureTask.java:266) [?:1.8.0_191]
	at java.util.concurrent.FutureTask.run(FutureTask.java) [?:1.8.0_191]
	at java.util.concurrent.ThreadPoolExecutor.runWorker(ThreadPoolExecutor.java:1149) [?:1.8.0_191]
	at java.util.concurrent.ThreadPoolExecutor$Worker.run(ThreadPoolExecutor.java:624) [?:1.8.0_191]
	at java.lang.Thread.run(Thread.java:748) [?:1.8.0_191]
Caused by: java.net.ConnectException: Connection refused: connect
	at java.net.DualStackPlainSocketImpl.waitForConnect(Native Method) ~[?:1.8.0_191]
	at java.net.DualStackPlainSocketImpl.socketConnect(DualStackPlainSocketImpl.java:85) ~[?:1.8.0_191]
	at java.net.AbstractPlainSocketImpl.doConnect(AbstractPlainSocketImpl.java:350) ~[?:1.8.0_191]
	at java.net.AbstractPlainSocketImpl.connectToAddress(AbstractPlainSocketImpl.java:206) ~[?:1.8.0_191]
	at java.net.AbstractPlainSocketImpl.connect(AbstractPlainSocketImpl.java:188) ~[?:1.8.0_191]
	at java.net.PlainSocketImpl.connect(PlainSocketImpl.java:172) ~[?:1.8.0_191]
	at java.net.SocksSocketImpl.connect(SocksSocketImpl.java:392) ~[?:1.8.0_191]
	at java.net.Socket.connect(Socket.java:589) ~[?:1.8.0_191]
	at org.apache.http.conn.scheme.PlainSocketFactory.connectSocket(PlainSocketFactory.java:121) ~[httpclient-4.5.10.jar:4.5.10]
	at org.apache.http.impl.conn.DefaultClientConnectionOperator.openConnection(DefaultClientConnectionOperator.java:180) ~[httpclient-4.5.10.jar:4.5.10]
	at org.apache.http.impl.conn.AbstractPoolEntry.open(AbstractPoolEntry.java:144) ~[httpclient-4.5.10.jar:4.5.10]
	at org.apache.http.impl.conn.AbstractPooledConnAdapter.open(AbstractPooledConnAdapter.java:134) ~[httpclient-4.5.10.jar:4.5.10]
	at org.apache.http.impl.client.DefaultRequestDirector.tryConnect(DefaultRequestDirector.java:605) ~[httpclient-4.5.10.jar:4.5.10]
	at org.apache.http.impl.client.DefaultRequestDirector.execute(DefaultRequestDirector.java:440) ~[httpclient-4.5.10.jar:4.5.10]
	at org.apache.http.impl.client.AbstractHttpClient.doExecute(AbstractHttpClient.java:835) ~[httpclient-4.5.10.jar:4.5.10]
	at org.apache.http.impl.client.CloseableHttpClient.execute(CloseableHttpClient.java:118) ~[httpclient-4.5.10.jar:4.5.10]
	at org.apache.http.impl.client.CloseableHttpClient.execute(CloseableHttpClient.java:56) ~[httpclient-4.5.10.jar:4.5.10]
	at com.sun.jersey.client.apache4.ApacheHttpClient4Handler.handle(ApacheHttpClient4Handler.java:173) ~[jersey-apache-client4-1.19.1.jar:1.19.1]
	... 30 more
2019-12-11 13:10:58.880 -ERROR  [freshExecutor-0] .d.RedirectingEurekaHttpClient : Request execution error. endpoint=DefaultEndpoint{ serviceUrl='http://localhost:8761/eureka/}
com.sun.jersey.api.client.ClientHandlerException: java.net.ConnectException: Connection refused: connect
	at com.sun.jersey.client.apache4.ApacheHttpClient4Handler.handle(ApacheHttpClient4Handler.java:187) ~[jersey-apache-client4-1.19.1.jar:1.19.1]
	at com.sun.jersey.api.client.filter.GZIPContentEncodingFilter.handle(GZIPContentEncodingFilter.java:123) ~[jersey-client-1.19.1.jar:1.19.1]
	at com.netflix.discovery.EurekaIdentityHeaderFilter.handle(EurekaIdentityHeaderFilter.java:27) ~[eureka-client-1.9.13.jar:1.9.13]
	at com.sun.jersey.api.client.Client.handle(Client.java:652) ~[jersey-client-1.19.1.jar:1.19.1]
	at com.sun.jersey.api.client.WebResource.handle(WebResource.java:682) ~[jersey-client-1.19.1.jar:1.19.1]
	at com.sun.jersey.api.client.WebResource.access$200(WebResource.java:74) ~[jersey-client-1.19.1.jar:1.19.1]
	at com.sun.jersey.api.client.WebResource$Builder.get(WebResource.java:509) ~[jersey-client-1.19.1.jar:1.19.1]
	at com.netflix.discovery.shared.transport.jersey.AbstractJerseyEurekaHttpClient.getApplicationsInternal(AbstractJerseyEurekaHttpClient.java:194) ~[eureka-client-1.9.13.jar:1.9.13]
	at com.netflix.discovery.shared.transport.jersey.AbstractJerseyEurekaHttpClient.getDelta(AbstractJerseyEurekaHttpClient.java:170) ~[eureka-client-1.9.13.jar:1.9.13]
	at com.netflix.discovery.shared.transport.decorator.EurekaHttpClientDecorator$7.execute(EurekaHttpClientDecorator.java:152) ~[eureka-client-1.9.13.jar:1.9.13]
	at com.netflix.discovery.shared.transport.decorator.MetricsCollectingEurekaHttpClient.execute(MetricsCollectingEurekaHttpClient.java:73) ~[eureka-client-1.9.13.jar:1.9.13]
	at com.netflix.discovery.shared.transport.decorator.EurekaHttpClientDecorator.getDelta(EurekaHttpClientDecorator.java:149) ~[eureka-client-1.9.13.jar:1.9.13]
	at com.netflix.discovery.shared.transport.decorator.EurekaHttpClientDecorator$7.execute(EurekaHttpClientDecorator.java:152) ~[eureka-client-1.9.13.jar:1.9.13]
	at com.netflix.discovery.shared.transport.decorator.RedirectingEurekaHttpClient.executeOnNewServer(RedirectingEurekaHttpClient.java:118) ~[eureka-client-1.9.13.jar:1.9.13]
	at com.netflix.discovery.shared.transport.decorator.RedirectingEurekaHttpClient.execute(RedirectingEurekaHttpClient.java:79) [eureka-client-1.9.13.jar:1.9.13]
	at com.netflix.discovery.shared.transport.decorator.EurekaHttpClientDecorator.getDelta(EurekaHttpClientDecorator.java:149) [eureka-client-1.9.13.jar:1.9.13]
	at com.netflix.discovery.shared.transport.decorator.EurekaHttpClientDecorator$7.execute(EurekaHttpClientDecorator.java:152) [eureka-client-1.9.13.jar:1.9.13]
	at com.netflix.discovery.shared.transport.decorator.RetryableEurekaHttpClient.execute(RetryableEurekaHttpClient.java:120) [eureka-client-1.9.13.jar:1.9.13]
	at com.netflix.discovery.shared.transport.decorator.EurekaHttpClientDecorator.getDelta(EurekaHttpClientDecorator.java:149) [eureka-client-1.9.13.jar:1.9.13]
	at com.netflix.discovery.shared.transport.decorator.EurekaHttpClientDecorator$7.execute(EurekaHttpClientDecorator.java:152) [eureka-client-1.9.13.jar:1.9.13]
	at com.netflix.discovery.shared.transport.decorator.SessionedEurekaHttpClient.execute(SessionedEurekaHttpClient.java:77) [eureka-client-1.9.13.jar:1.9.13]
	at com.netflix.discovery.shared.transport.decorator.EurekaHttpClientDecorator.getDelta(EurekaHttpClientDecorator.java:149) [eureka-client-1.9.13.jar:1.9.13]
	at com.netflix.discovery.DiscoveryClient.getAndUpdateDelta(DiscoveryClient.java:1103) [eureka-client-1.9.13.jar:1.9.13]
	at com.netflix.discovery.DiscoveryClient.fetchRegistry(DiscoveryClient.java:985) [eureka-client-1.9.13.jar:1.9.13]
	at com.netflix.discovery.DiscoveryClient.refreshRegistry(DiscoveryClient.java:1497) [eureka-client-1.9.13.jar:1.9.13]
	at com.netflix.discovery.DiscoveryClient$CacheRefreshThread.run(DiscoveryClient.java:1464) [eureka-client-1.9.13.jar:1.9.13]
	at java.util.concurrent.Executors$RunnableAdapter.call(Executors.java:511) [?:1.8.0_191]
	at java.util.concurrent.FutureTask.run$$$capture(FutureTask.java:266) [?:1.8.0_191]
	at java.util.concurrent.FutureTask.run(FutureTask.java) [?:1.8.0_191]
	at java.util.concurrent.ThreadPoolExecutor.runWorker(ThreadPoolExecutor.java:1149) [?:1.8.0_191]
	at java.util.concurrent.ThreadPoolExecutor$Worker.run(ThreadPoolExecutor.java:624) [?:1.8.0_191]
	at java.lang.Thread.run(Thread.java:748) [?:1.8.0_191]
Caused by: java.net.ConnectException: Connection refused: connect
	at java.net.DualStackPlainSocketImpl.waitForConnect(Native Method) ~[?:1.8.0_191]
	at java.net.DualStackPlainSocketImpl.socketConnect(DualStackPlainSocketImpl.java:85) ~[?:1.8.0_191]
	at java.net.AbstractPlainSocketImpl.doConnect(AbstractPlainSocketImpl.java:350) ~[?:1.8.0_191]
	at java.net.AbstractPlainSocketImpl.connectToAddress(AbstractPlainSocketImpl.java:206) ~[?:1.8.0_191]
	at java.net.AbstractPlainSocketImpl.connect(AbstractPlainSocketImpl.java:188) ~[?:1.8.0_191]
	at java.net.PlainSocketImpl.connect(PlainSocketImpl.java:172) ~[?:1.8.0_191]
	at java.net.SocksSocketImpl.connect(SocksSocketImpl.java:392) ~[?:1.8.0_191]
	at java.net.Socket.connect(Socket.java:589) ~[?:1.8.0_191]
	at org.apache.http.conn.scheme.PlainSocketFactory.connectSocket(PlainSocketFactory.java:121) ~[httpclient-4.5.10.jar:4.5.10]
	at org.apache.http.impl.conn.DefaultClientConnectionOperator.openConnection(DefaultClientConnectionOperator.java:180) ~[httpclient-4.5.10.jar:4.5.10]
	at org.apache.http.impl.conn.AbstractPoolEntry.open(AbstractPoolEntry.java:144) ~[httpclient-4.5.10.jar:4.5.10]
	at org.apache.http.impl.conn.AbstractPooledConnAdapter.open(AbstractPooledConnAdapter.java:134) ~[httpclient-4.5.10.jar:4.5.10]
	at org.apache.http.impl.client.DefaultRequestDirector.tryConnect(DefaultRequestDirector.java:605) ~[httpclient-4.5.10.jar:4.5.10]
	at org.apache.http.impl.client.DefaultRequestDirector.execute(DefaultRequestDirector.java:440) ~[httpclient-4.5.10.jar:4.5.10]
	at org.apache.http.impl.client.AbstractHttpClient.doExecute(AbstractHttpClient.java:835) ~[httpclient-4.5.10.jar:4.5.10]
	at org.apache.http.impl.client.CloseableHttpClient.execute(CloseableHttpClient.java:118) ~[httpclient-4.5.10.jar:4.5.10]
	at org.apache.http.impl.client.CloseableHttpClient.execute(CloseableHttpClient.java:56) ~[httpclient-4.5.10.jar:4.5.10]
	at com.sun.jersey.client.apache4.ApacheHttpClient4Handler.handle(ApacheHttpClient4Handler.java:173) ~[jersey-apache-client4-1.19.1.jar:1.19.1]
	... 31 more
2019-12-11 13:10:58.890 -ERROR  [freshExecutor-0] c.n.d.DiscoveryClient          : DiscoveryClient_GATEWAY/WFIT6001.gettop.com:gateway:8081 - was unable to refresh its cache! status = Cannot execute request on any known server
com.netflix.discovery.shared.transport.TransportException: Cannot execute request on any known server
	at com.netflix.discovery.shared.transport.decorator.RetryableEurekaHttpClient.execute(RetryableEurekaHttpClient.java:112) ~[eureka-client-1.9.13.jar:1.9.13]
	at com.netflix.discovery.shared.transport.decorator.EurekaHttpClientDecorator.getDelta(EurekaHttpClientDecorator.java:149) ~[eureka-client-1.9.13.jar:1.9.13]
	at com.netflix.discovery.shared.transport.decorator.EurekaHttpClientDecorator$7.execute(EurekaHttpClientDecorator.java:152) ~[eureka-client-1.9.13.jar:1.9.13]
	at com.netflix.discovery.shared.transport.decorator.SessionedEurekaHttpClient.execute(SessionedEurekaHttpClient.java:77) ~[eureka-client-1.9.13.jar:1.9.13]
	at com.netflix.discovery.shared.transport.decorator.EurekaHttpClientDecorator.getDelta(EurekaHttpClientDecorator.java:149) ~[eureka-client-1.9.13.jar:1.9.13]
	at com.netflix.discovery.DiscoveryClient.getAndUpdateDelta(DiscoveryClient.java:1103) ~[eureka-client-1.9.13.jar:1.9.13]
	at com.netflix.discovery.DiscoveryClient.fetchRegistry(DiscoveryClient.java:985) [eureka-client-1.9.13.jar:1.9.13]
	at com.netflix.discovery.DiscoveryClient.refreshRegistry(DiscoveryClient.java:1497) [eureka-client-1.9.13.jar:1.9.13]
	at com.netflix.discovery.DiscoveryClient$CacheRefreshThread.run(DiscoveryClient.java:1464) [eureka-client-1.9.13.jar:1.9.13]
	at java.util.concurrent.Executors$RunnableAdapter.call(Executors.java:511) [?:1.8.0_191]
	at java.util.concurrent.FutureTask.run$$$capture(FutureTask.java:266) [?:1.8.0_191]
	at java.util.concurrent.FutureTask.run(FutureTask.java) [?:1.8.0_191]
	at java.util.concurrent.ThreadPoolExecutor.runWorker(ThreadPoolExecutor.java:1149) [?:1.8.0_191]
	at java.util.concurrent.ThreadPoolExecutor$Worker.run(ThreadPoolExecutor.java:624) [?:1.8.0_191]
	at java.lang.Thread.run(Thread.java:748) [?:1.8.0_191]
2019-12-11 13:11:23.771 -ERROR  [tbeatExecutor-0] .d.RedirectingEurekaHttpClient : Request execution error. endpoint=DefaultEndpoint{ serviceUrl='http://localhost:8761/eureka/}
com.sun.jersey.api.client.ClientHandlerException: java.net.ConnectException: Connection refused: connect
	at com.sun.jersey.client.apache4.ApacheHttpClient4Handler.handle(ApacheHttpClient4Handler.java:187) ~[jersey-apache-client4-1.19.1.jar:1.19.1]
	at com.sun.jersey.api.client.filter.GZIPContentEncodingFilter.handle(GZIPContentEncodingFilter.java:123) ~[jersey-client-1.19.1.jar:1.19.1]
	at com.netflix.discovery.EurekaIdentityHeaderFilter.handle(EurekaIdentityHeaderFilter.java:27) ~[eureka-client-1.9.13.jar:1.9.13]
	at com.sun.jersey.api.client.Client.handle(Client.java:652) ~[jersey-client-1.19.1.jar:1.19.1]
	at com.sun.jersey.api.client.WebResource.handle(WebResource.java:682) ~[jersey-client-1.19.1.jar:1.19.1]
	at com.sun.jersey.api.client.WebResource.access$200(WebResource.java:74) ~[jersey-client-1.19.1.jar:1.19.1]
	at com.sun.jersey.api.client.WebResource$Builder.put(WebResource.java:529) ~[jersey-client-1.19.1.jar:1.19.1]
	at com.netflix.discovery.shared.transport.jersey.AbstractJerseyEurekaHttpClient.sendHeartBeat(AbstractJerseyEurekaHttpClient.java:102) ~[eureka-client-1.9.13.jar:1.9.13]
	at com.netflix.discovery.shared.transport.decorator.EurekaHttpClientDecorator$3.execute(EurekaHttpClientDecorator.java:92) ~[eureka-client-1.9.13.jar:1.9.13]
	at com.netflix.discovery.shared.transport.decorator.MetricsCollectingEurekaHttpClient.execute(MetricsCollectingEurekaHttpClient.java:73) ~[eureka-client-1.9.13.jar:1.9.13]
	at com.netflix.discovery.shared.transport.decorator.EurekaHttpClientDecorator.sendHeartBeat(EurekaHttpClientDecorator.java:89) ~[eureka-client-1.9.13.jar:1.9.13]
	at com.netflix.discovery.shared.transport.decorator.EurekaHttpClientDecorator$3.execute(EurekaHttpClientDecorator.java:92) ~[eureka-client-1.9.13.jar:1.9.13]
	at com.netflix.discovery.shared.transport.decorator.RedirectingEurekaHttpClient.executeOnNewServer(RedirectingEurekaHttpClient.java:118) ~[eureka-client-1.9.13.jar:1.9.13]
	at com.netflix.discovery.shared.transport.decorator.RedirectingEurekaHttpClient.execute(RedirectingEurekaHttpClient.java:79) [eureka-client-1.9.13.jar:1.9.13]
	at com.netflix.discovery.shared.transport.decorator.EurekaHttpClientDecorator.sendHeartBeat(EurekaHttpClientDecorator.java:89) [eureka-client-1.9.13.jar:1.9.13]
	at com.netflix.discovery.shared.transport.decorator.EurekaHttpClientDecorator$3.execute(EurekaHttpClientDecorator.java:92) [eureka-client-1.9.13.jar:1.9.13]
	at com.netflix.discovery.shared.transport.decorator.RetryableEurekaHttpClient.execute(RetryableEurekaHttpClient.java:120) [eureka-client-1.9.13.jar:1.9.13]
	at com.netflix.discovery.shared.transport.decorator.EurekaHttpClientDecorator.sendHeartBeat(EurekaHttpClientDecorator.java:89) [eureka-client-1.9.13.jar:1.9.13]
	at com.netflix.discovery.shared.transport.decorator.EurekaHttpClientDecorator$3.execute(EurekaHttpClientDecorator.java:92) [eureka-client-1.9.13.jar:1.9.13]
	at com.netflix.discovery.shared.transport.decorator.SessionedEurekaHttpClient.execute(SessionedEurekaHttpClient.java:77) [eureka-client-1.9.13.jar:1.9.13]
	at com.netflix.discovery.shared.transport.decorator.EurekaHttpClientDecorator.sendHeartBeat(EurekaHttpClientDecorator.java:89) [eureka-client-1.9.13.jar:1.9.13]
	at com.netflix.discovery.DiscoveryClient.renew(DiscoveryClient.java:864) [eureka-client-1.9.13.jar:1.9.13]
	at com.netflix.discovery.DiscoveryClient$HeartbeatThread.run(DiscoveryClient.java:1423) [eureka-client-1.9.13.jar:1.9.13]
	at java.util.concurrent.Executors$RunnableAdapter.call(Executors.java:511) [?:1.8.0_191]
	at java.util.concurrent.FutureTask.run$$$capture(FutureTask.java:266) [?:1.8.0_191]
	at java.util.concurrent.FutureTask.run(FutureTask.java) [?:1.8.0_191]
	at java.util.concurrent.ThreadPoolExecutor.runWorker(ThreadPoolExecutor.java:1149) [?:1.8.0_191]
	at java.util.concurrent.ThreadPoolExecutor$Worker.run(ThreadPoolExecutor.java:624) [?:1.8.0_191]
	at java.lang.Thread.run(Thread.java:748) [?:1.8.0_191]
Caused by: java.net.ConnectException: Connection refused: connect
	at java.net.DualStackPlainSocketImpl.waitForConnect(Native Method) ~[?:1.8.0_191]
	at java.net.DualStackPlainSocketImpl.socketConnect(DualStackPlainSocketImpl.java:85) ~[?:1.8.0_191]
	at java.net.AbstractPlainSocketImpl.doConnect(AbstractPlainSocketImpl.java:350) ~[?:1.8.0_191]
	at java.net.AbstractPlainSocketImpl.connectToAddress(AbstractPlainSocketImpl.java:206) ~[?:1.8.0_191]
	at java.net.AbstractPlainSocketImpl.connect(AbstractPlainSocketImpl.java:188) ~[?:1.8.0_191]
	at java.net.PlainSocketImpl.connect(PlainSocketImpl.java:172) ~[?:1.8.0_191]
	at java.net.SocksSocketImpl.connect(SocksSocketImpl.java:392) ~[?:1.8.0_191]
	at java.net.Socket.connect(Socket.java:589) ~[?:1.8.0_191]
	at org.apache.http.conn.scheme.PlainSocketFactory.connectSocket(PlainSocketFactory.java:121) ~[httpclient-4.5.10.jar:4.5.10]
	at org.apache.http.impl.conn.DefaultClientConnectionOperator.openConnection(DefaultClientConnectionOperator.java:180) ~[httpclient-4.5.10.jar:4.5.10]
	at org.apache.http.impl.conn.AbstractPoolEntry.open(AbstractPoolEntry.java:144) ~[httpclient-4.5.10.jar:4.5.10]
	at org.apache.http.impl.conn.AbstractPooledConnAdapter.open(AbstractPooledConnAdapter.java:134) ~[httpclient-4.5.10.jar:4.5.10]
	at org.apache.http.impl.client.DefaultRequestDirector.tryConnect(DefaultRequestDirector.java:605) ~[httpclient-4.5.10.jar:4.5.10]
	at org.apache.http.impl.client.DefaultRequestDirector.execute(DefaultRequestDirector.java:440) ~[httpclient-4.5.10.jar:4.5.10]
	at org.apache.http.impl.client.AbstractHttpClient.doExecute(AbstractHttpClient.java:835) ~[httpclient-4.5.10.jar:4.5.10]
	at org.apache.http.impl.client.CloseableHttpClient.execute(CloseableHttpClient.java:118) ~[httpclient-4.5.10.jar:4.5.10]
	at org.apache.http.impl.client.CloseableHttpClient.execute(CloseableHttpClient.java:56) ~[httpclient-4.5.10.jar:4.5.10]
	at com.sun.jersey.client.apache4.ApacheHttpClient4Handler.handle(ApacheHttpClient4Handler.java:173) ~[jersey-apache-client4-1.19.1.jar:1.19.1]
	... 28 more
2019-12-11 13:11:23.774 -ERROR  [tbeatExecutor-0] c.n.d.DiscoveryClient          : DiscoveryClient_GATEWAY/WFIT6001.gettop.com:gateway:8081 - was unable to send heartbeat!
com.netflix.discovery.shared.transport.TransportException: Cannot execute request on any known server
	at com.netflix.discovery.shared.transport.decorator.RetryableEurekaHttpClient.execute(RetryableEurekaHttpClient.java:112) ~[eureka-client-1.9.13.jar:1.9.13]
	at com.netflix.discovery.shared.transport.decorator.EurekaHttpClientDecorator.sendHeartBeat(EurekaHttpClientDecorator.java:89) ~[eureka-client-1.9.13.jar:1.9.13]
	at com.netflix.discovery.shared.transport.decorator.EurekaHttpClientDecorator$3.execute(EurekaHttpClientDecorator.java:92) ~[eureka-client-1.9.13.jar:1.9.13]
	at com.netflix.discovery.shared.transport.decorator.SessionedEurekaHttpClient.execute(SessionedEurekaHttpClient.java:77) ~[eureka-client-1.9.13.jar:1.9.13]
	at com.netflix.discovery.shared.transport.decorator.EurekaHttpClientDecorator.sendHeartBeat(EurekaHttpClientDecorator.java:89) ~[eureka-client-1.9.13.jar:1.9.13]
	at com.netflix.discovery.DiscoveryClient.renew(DiscoveryClient.java:864) [eureka-client-1.9.13.jar:1.9.13]
	at com.netflix.discovery.DiscoveryClient$HeartbeatThread.run(DiscoveryClient.java:1423) [eureka-client-1.9.13.jar:1.9.13]
	at java.util.concurrent.Executors$RunnableAdapter.call(Executors.java:511) [?:1.8.0_191]
	at java.util.concurrent.FutureTask.run$$$capture(FutureTask.java:266) [?:1.8.0_191]
	at java.util.concurrent.FutureTask.run(FutureTask.java) [?:1.8.0_191]
	at java.util.concurrent.ThreadPoolExecutor.runWorker(ThreadPoolExecutor.java:1149) [?:1.8.0_191]
	at java.util.concurrent.ThreadPoolExecutor$Worker.run(ThreadPoolExecutor.java:624) [?:1.8.0_191]
	at java.lang.Thread.run(Thread.java:748) [?:1.8.0_191]
